[0.012s] Invoking command in '/home/kuzdx/optical_flow/build/yolo_msgs': /usr/bin/cmake /home/kuzdx/optical_flow/src/yolo_msgs -DCMAKE_BUILD_TYPE=Release -DPython3_EXECUTABLE=/usr/bin/python3 -DCATKIN_INSTALL_INTO_PREFIX_ROOT=0 -DCATKIN_SYMLINK_INSTALL=ON -DCMAKE_INSTALL_PREFIX=/home/kuzdx/optical_flow/install/yolo_msgs
[0.068s] -- The C compiler identification is GNU 11.4.0
[0.126s] -- The CXX compiler identification is GNU 11.4.0
[0.134s] -- Detecting C compiler ABI info
[0.217s] -- Detecting C compiler ABI info - done
[0.224s] -- Check for working C compiler: /usr/bin/cc - skipped
[0.224s] -- Detecting C compile features
[0.224s] -- Detecting C compile features - done
[0.227s] -- Detecting CXX compiler ABI info
[0.315s] -- Detecting CXX compiler ABI info - done
[0.322s] -- Check for working CXX compiler: /usr/bin/c++ - skipped
[0.323s] -- Detecting CXX compile features
[0.323s] -- Detecting CXX compile features - done
[0.325s] -- Found ament_cmake: 1.3.12 (/opt/ros/humble/share/ament_cmake/cmake)
[0.455s] -- Found Python3: /usr/bin/python3 (found version "3.10.12") found components: Interpreter 
[0.534s] -- Found rosidl_default_generators: 1.2.0 (/opt/ros/humble/share/rosidl_default_generators/cmake)
[0.536s] -- Using all available rosidl_typesupport_c: rosidl_typesupport_fastrtps_c;rosidl_typesupport_introspection_c
[0.542s] -- Found rosidl_adapter: 3.1.8 (/opt/ros/humble/share/rosidl_adapter/cmake)
[0.578s] -- Using all available rosidl_typesupport_cpp: rosidl_typesupport_fastrtps_cpp;rosidl_typesupport_introspection_cpp
[0.607s] -- Found geometry_msgs: 4.9.0 (/opt/ros/humble/share/geometry_msgs/cmake)
[0.938s] -- Found ament_cmake_ros: 0.10.0 (/opt/ros/humble/share/ament_cmake_ros/cmake)
[1.174s] -- Using all available rosidl_typesupport_c: rosidl_typesupport_fastrtps_c;rosidl_typesupport_introspection_c
[1.485s] -- Using all available rosidl_typesupport_cpp: rosidl_typesupport_fastrtps_cpp;rosidl_typesupport_introspection_cpp
[1.508s] -- Found PythonInterp: /usr/bin/python3 (found suitable version "3.10.12", minimum required is "3.6") 
[1.511s] -- Found python_cmake_module: 0.10.0 (/opt/ros/humble/share/python_cmake_module/cmake)
[1.535s] -- Found PythonLibs: /usr/lib/x86_64-linux-gnu/libpython3.10.so (found suitable version "3.10.12", minimum required is "3.5") 
[1.535s] -- Using PYTHON_EXECUTABLE: /usr/bin/python3
[1.535s] -- Using PYTHON_INCLUDE_DIRS: /usr/include/python3.10
[1.535s] -- Using PYTHON_LIBRARIES: /usr/lib/x86_64-linux-gnu/libpython3.10.so
[1.554s] -- Found PythonExtra: .so  
[1.618s] -- Configuring done
[1.665s] -- Generating done
[1.667s] [33mCMake Warning:
[1.667s]   Manually-specified variables were not used by the project:
[1.667s] 
[1.667s]     CATKIN_INSTALL_INTO_PREFIX_ROOT
[1.667s]     CATKIN_SYMLINK_INSTALL
[1.667s] 
[1.667s] [0m
[1.677s] -- Build files have been written to: /home/kuzdx/optical_flow/build/yolo_msgs
[1.684s] Invoked command in '/home/kuzdx/optical_flow/build/yolo_msgs' returned '0': /usr/bin/cmake /home/kuzdx/optical_flow/src/yolo_msgs -DCMAKE_BUILD_TYPE=Release -DPython3_EXECUTABLE=/usr/bin/python3 -DCATKIN_INSTALL_INTO_PREFIX_ROOT=0 -DCATKIN_SYMLINK_INSTALL=ON -DCMAKE_INSTALL_PREFIX=/home/kuzdx/optical_flow/install/yolo_msgs
[1.686s] Invoking command in '/home/kuzdx/optical_flow/build/yolo_msgs': /usr/bin/cmake --build /home/kuzdx/optical_flow/build/yolo_msgs -- -j16 -l16
[1.732s] [  1%] [34m[1mGenerating C code for ROS interfaces[0m
[1.744s] [  1%] [34m[1mGenerating C++ code for ROS interfaces[0m
[1.752s] [  1%] Built target ament_cmake_python_copy_yolo_msgs
[1.984s] running egg_info
[1.984s] creating yolo_msgs.egg-info
[1.984s] writing yolo_msgs.egg-info/PKG-INFO
[1.984s] writing dependency_links to yolo_msgs.egg-info/dependency_links.txt
[1.984s] writing top-level names to yolo_msgs.egg-info/top_level.txt
[1.984s] writing manifest file 'yolo_msgs.egg-info/SOURCES.txt'
[1.986s] reading manifest file 'yolo_msgs.egg-info/SOURCES.txt'
[1.986s] writing manifest file 'yolo_msgs.egg-info/SOURCES.txt'
[2.009s] [  1%] Built target ament_cmake_python_build_yolo_msgs_egg
[2.750s] [  1%] Built target yolo_msgs__cpp
[2.761s] [  2%] [34m[1mGenerating C++ type support dispatch for ROS interfaces[0m
[2.763s] [  2%] [34m[1mGenerating C++ introspection for ROS interfaces[0m
[2.764s] [  3%] [34m[1mGenerating C++ type support for eProsima Fast-RTPS[0m
[2.877s] [  4%] [32mBuilding C object CMakeFiles/yolo_msgs__rosidl_generator_c.dir/rosidl_generator_c/yolo_msgs/msg/detail/key_point2_d_array__functions.c.o[0m
[2.877s] [  5%] [32mBuilding C object CMakeFiles/yolo_msgs__rosidl_generator_c.dir/rosidl_generator_c/yolo_msgs/msg/detail/key_point2_d__functions.c.o[0m
[2.877s] [  7%] [32mBuilding C object CMakeFiles/yolo_msgs__rosidl_generator_c.dir/rosidl_generator_c/yolo_msgs/msg/detail/key_point3_d_array__functions.c.o[0m
[2.877s] [  7%] [32mBuilding C object CMakeFiles/yolo_msgs__rosidl_generator_c.dir/rosidl_generator_c/yolo_msgs/msg/detail/point2_d__functions.c.o[0m
[2.877s] [  8%] [32mBuilding C object CMakeFiles/yolo_msgs__rosidl_generator_c.dir/rosidl_generator_c/yolo_msgs/msg/detail/mask__functions.c.o[0m
[2.877s] [  9%] [32mBuilding C object CMakeFiles/yolo_msgs__rosidl_generator_c.dir/rosidl_generator_c/yolo_msgs/msg/detail/key_point3_d__functions.c.o[0m
[2.877s] [ 10%] [32mBuilding C object CMakeFiles/yolo_msgs__rosidl_generator_c.dir/rosidl_generator_c/yolo_msgs/msg/detail/detection__functions.c.o[0m
[2.878s] [ 10%] [32mBuilding C object CMakeFiles/yolo_msgs__rosidl_generator_c.dir/rosidl_generator_c/yolo_msgs/msg/detail/detection_array__functions.c.o[0m
[2.878s] [ 11%] [32mBuilding C object CMakeFiles/yolo_msgs__rosidl_generator_c.dir/rosidl_generator_c/yolo_msgs/msg/detail/pose2_d__functions.c.o[0m
[2.878s] [ 12%] [32mBuilding C object CMakeFiles/yolo_msgs__rosidl_generator_c.dir/rosidl_generator_c/yolo_msgs/msg/detail/bounding_box2_d__functions.c.o[0m
[2.878s] [ 12%] [32mBuilding C object CMakeFiles/yolo_msgs__rosidl_generator_c.dir/rosidl_generator_c/yolo_msgs/msg/detail/bounding_box3_d__functions.c.o[0m
[2.881s] [ 13%] [32mBuilding C object CMakeFiles/yolo_msgs__rosidl_generator_c.dir/rosidl_generator_c/yolo_msgs/srv/detail/set_classes__functions.c.o[0m
[2.884s] [ 13%] [32mBuilding C object CMakeFiles/yolo_msgs__rosidl_generator_c.dir/rosidl_generator_c/yolo_msgs/msg/detail/vector2__functions.c.o[0m
[3.026s] [ 14%] [32m[1mLinking C shared library libyolo_msgs__rosidl_generator_c.so[0m
[3.072s] [ 14%] Built target yolo_msgs__rosidl_generator_c
[3.083s] [ 16%] [34m[1mGenerating C introspection for ROS interfaces[0m
[3.083s] [ 16%] [34m[1mGenerating C type support for eProsima Fast-RTPS[0m
[3.084s] [ 17%] [34m[1mGenerating C type support dispatch for ROS interfaces[0m
[3.562s] [ 20%] [32mBuilding CXX object CMakeFiles/yolo_msgs__rosidl_typesupport_cpp.dir/rosidl_typesupport_cpp/yolo_msgs/msg/detection_array__type_support.cpp.o[0m
[3.562s] [ 20%] [32mBuilding CXX object CMakeFiles/yolo_msgs__rosidl_typesupport_cpp.dir/rosidl_typesupport_cpp/yolo_msgs/msg/point2_d__type_support.cpp.o[0m
[3.562s] [ 20%] [32mBuilding CXX object CMakeFiles/yolo_msgs__rosidl_typesupport_cpp.dir/rosidl_typesupport_cpp/yolo_msgs/msg/key_point2_d__type_support.cpp.o[0m
[3.562s] [ 21%] [32mBuilding CXX object CMakeFiles/yolo_msgs__rosidl_typesupport_cpp.dir/rosidl_typesupport_cpp/yolo_msgs/msg/key_point2_d_array__type_support.cpp.o[0m
[3.562s] [ 23%] [32mBuilding CXX object CMakeFiles/yolo_msgs__rosidl_typesupport_cpp.dir/rosidl_typesupport_cpp/yolo_msgs/msg/key_point3_d__type_support.cpp.o[0m
[3.562s] [ 23%] [32mBuilding CXX object CMakeFiles/yolo_msgs__rosidl_typesupport_cpp.dir/rosidl_typesupport_cpp/yolo_msgs/msg/key_point3_d_array__type_support.cpp.o[0m
[3.563s] [ 23%] [32mBuilding CXX object CMakeFiles/yolo_msgs__rosidl_typesupport_cpp.dir/rosidl_typesupport_cpp/yolo_msgs/msg/mask__type_support.cpp.o[0m
[3.563s] [ 23%] [32mBuilding CXX object CMakeFiles/yolo_msgs__rosidl_typesupport_cpp.dir/rosidl_typesupport_cpp/yolo_msgs/msg/detection__type_support.cpp.o[0m
[3.563s] [ 26%] [32mBuilding CXX object CMakeFiles/yolo_msgs__rosidl_typesupport_cpp.dir/rosidl_typesupport_cpp/yolo_msgs/msg/bounding_box3_d__type_support.cpp.o[0m
[3.563s] [ 26%] [32mBuilding CXX object CMakeFiles/yolo_msgs__rosidl_typesupport_cpp.dir/rosidl_typesupport_cpp/yolo_msgs/msg/pose2_d__type_support.cpp.o[0m
[3.563s] [ 26%] [32mBuilding CXX object CMakeFiles/yolo_msgs__rosidl_typesupport_cpp.dir/rosidl_typesupport_cpp/yolo_msgs/msg/bounding_box2_d__type_support.cpp.o[0m
[3.908s] [ 27%] [32mBuilding CXX object CMakeFiles/yolo_msgs__rosidl_typesupport_cpp.dir/rosidl_typesupport_cpp/yolo_msgs/msg/vector2__type_support.cpp.o[0m
[3.909s] [ 27%] [32mBuilding CXX object CMakeFiles/yolo_msgs__rosidl_typesupport_cpp.dir/rosidl_typesupport_cpp/yolo_msgs/srv/set_classes__type_support.cpp.o[0m
[3.935s] [ 31%] [32mBuilding CXX object CMakeFiles/yolo_msgs__rosidl_typesupport_introspection_cpp.dir/rosidl_typesupport_introspection_cpp/yolo_msgs/msg/detail/detection__type_support.cpp.o[0m
[3.935s] [ 31%] [32mBuilding CXX object CMakeFiles/yolo_msgs__rosidl_typesupport_introspection_cpp.dir/rosidl_typesupport_introspection_cpp/yolo_msgs/msg/detail/detection_array__type_support.cpp.o[0m
[3.935s] [ 31%] [32mBuilding CXX object CMakeFiles/yolo_msgs__rosidl_typesupport_introspection_cpp.dir/rosidl_typesupport_introspection_cpp/yolo_msgs/msg/detail/bounding_box3_d__type_support.cpp.o[0m
[3.935s] [ 31%] [32mBuilding CXX object CMakeFiles/yolo_msgs__rosidl_typesupport_introspection_cpp.dir/rosidl_typesupport_introspection_cpp/yolo_msgs/msg/detail/key_point2_d_array__type_support.cpp.o[0m
[3.935s] [ 32%] [32mBuilding CXX object CMakeFiles/yolo_msgs__rosidl_typesupport_introspection_cpp.dir/rosidl_typesupport_introspection_cpp/yolo_msgs/msg/detail/key_point3_d__type_support.cpp.o[0m
[3.935s] [ 33%] [32mBuilding CXX object CMakeFiles/yolo_msgs__rosidl_typesupport_introspection_cpp.dir/rosidl_typesupport_introspection_cpp/yolo_msgs/msg/detail/bounding_box2_d__type_support.cpp.o[0m
[3.935s] [ 33%] [32mBuilding CXX object CMakeFiles/yolo_msgs__rosidl_typesupport_introspection_cpp.dir/rosidl_typesupport_introspection_cpp/yolo_msgs/msg/detail/key_point2_d__type_support.cpp.o[0m
[3.936s] [ 34%] [32mBuilding CXX object CMakeFiles/yolo_msgs__rosidl_typesupport_introspection_cpp.dir/rosidl_typesupport_introspection_cpp/yolo_msgs/msg/detail/key_point3_d_array__type_support.cpp.o[0m
[3.936s] [ 35%] [32mBuilding CXX object CMakeFiles/yolo_msgs__rosidl_typesupport_introspection_cpp.dir/rosidl_typesupport_introspection_cpp/yolo_msgs/msg/detail/mask__type_support.cpp.o[0m
[3.943s] [ 35%] [32mBuilding CXX object CMakeFiles/yolo_msgs__rosidl_typesupport_introspection_cpp.dir/rosidl_typesupport_introspection_cpp/yolo_msgs/msg/detail/point2_d__type_support.cpp.o[0m
[3.954s] [ 36%] [32mBuilding CXX object CMakeFiles/yolo_msgs__rosidl_typesupport_fastrtps_cpp.dir/rosidl_typesupport_fastrtps_cpp/yolo_msgs/msg/detail/dds_fastrtps/bounding_box2_d__type_support.cpp.o[0m
[4.124s] [ 36%] [32mBuilding CXX object CMakeFiles/yolo_msgs__rosidl_typesupport_c.dir/rosidl_typesupport_c/yolo_msgs/msg/bounding_box2_d__type_support.cpp.o[0m
[4.169s] [ 37%] [32mBuilding CXX object CMakeFiles/yolo_msgs__rosidl_typesupport_c.dir/rosidl_typesupport_c/yolo_msgs/msg/bounding_box3_d__type_support.cpp.o[0m
[4.215s] [ 38%] [32mBuilding CXX object CMakeFiles/yolo_msgs__rosidl_typesupport_c.dir/rosidl_typesupport_c/yolo_msgs/msg/detection__type_support.cpp.o[0m
[4.266s] [ 40%] [32m[1mLinking CXX shared library libyolo_msgs__rosidl_typesupport_cpp.so[0m
[4.266s] [ 40%] [32mBuilding CXX object CMakeFiles/yolo_msgs__rosidl_typesupport_introspection_cpp.dir/rosidl_typesupport_introspection_cpp/yolo_msgs/msg/detail/pose2_d__type_support.cpp.o[0m
[4.270s] [ 41%] [32mBuilding CXX object CMakeFiles/yolo_msgs__rosidl_typesupport_c.dir/rosidl_typesupport_c/yolo_msgs/msg/detection_array__type_support.cpp.o[0m
[4.315s] [ 42%] [32mBuilding CXX object CMakeFiles/yolo_msgs__rosidl_typesupport_c.dir/rosidl_typesupport_c/yolo_msgs/msg/key_point2_d__type_support.cpp.o[0m
[4.330s] [ 42%] Built target yolo_msgs__rosidl_typesupport_cpp
[4.352s] [ 42%] [32mBuilding CXX object CMakeFiles/yolo_msgs__rosidl_typesupport_c.dir/rosidl_typesupport_c/yolo_msgs/msg/key_point2_d_array__type_support.cpp.o[0m
[4.363s] [ 43%] [32mBuilding CXX object CMakeFiles/yolo_msgs__rosidl_typesupport_fastrtps_cpp.dir/rosidl_typesupport_fastrtps_cpp/yolo_msgs/msg/detail/dds_fastrtps/bounding_box3_d__type_support.cpp.o[0m
[4.399s] [ 44%] [32mBuilding CXX object CMakeFiles/yolo_msgs__rosidl_typesupport_c.dir/rosidl_typesupport_c/yolo_msgs/msg/key_point3_d__type_support.cpp.o[0m
[4.404s] [ 45%] [32mBuilding CXX object CMakeFiles/yolo_msgs__rosidl_typesupport_introspection_cpp.dir/rosidl_typesupport_introspection_cpp/yolo_msgs/msg/detail/vector2__type_support.cpp.o[0m
[4.409s] [ 46%] [32mBuilding CXX object CMakeFiles/yolo_msgs__rosidl_typesupport_fastrtps_cpp.dir/rosidl_typesupport_fastrtps_cpp/yolo_msgs/msg/detail/dds_fastrtps/detection__type_support.cpp.o[0m
[4.417s] [ 46%] [32mBuilding CXX object CMakeFiles/yolo_msgs__rosidl_typesupport_fastrtps_cpp.dir/rosidl_typesupport_fastrtps_cpp/yolo_msgs/msg/detail/dds_fastrtps/detection_array__type_support.cpp.o[0m
[4.428s] [ 47%] [32mBuilding C object CMakeFiles/yolo_msgs__rosidl_typesupport_introspection_c.dir/rosidl_typesupport_introspection_c/yolo_msgs/msg/detail/bounding_box2_d__type_support.c.o[0m
[4.428s] [ 48%] [32mBuilding CXX object CMakeFiles/yolo_msgs__rosidl_typesupport_c.dir/rosidl_typesupport_c/yolo_msgs/msg/key_point3_d_array__type_support.cpp.o[0m
[4.443s] [ 49%] [32mBuilding CXX object CMakeFiles/yolo_msgs__rosidl_typesupport_c.dir/rosidl_typesupport_c/yolo_msgs/msg/mask__type_support.cpp.o[0m
[4.443s] [ 50%] [32mBuilding CXX object CMakeFiles/yolo_msgs__rosidl_typesupport_fastrtps_cpp.dir/rosidl_typesupport_fastrtps_cpp/yolo_msgs/msg/detail/dds_fastrtps/key_point2_d__type_support.cpp.o[0m
[4.450s] [ 51%] [32mBuilding CXX object CMakeFiles/yolo_msgs__rosidl_typesupport_fastrtps_cpp.dir/rosidl_typesupport_fastrtps_cpp/yolo_msgs/msg/detail/dds_fastrtps/key_point2_d_array__type_support.cpp.o[0m
[4.452s] [ 52%] [32mBuilding C object CMakeFiles/yolo_msgs__rosidl_typesupport_introspection_c.dir/rosidl_typesupport_introspection_c/yolo_msgs/msg/detail/bounding_box3_d__type_support.c.o[0m
[4.462s] [ 53%] [32mBuilding CXX object CMakeFiles/yolo_msgs__rosidl_typesupport_c.dir/rosidl_typesupport_c/yolo_msgs/msg/point2_d__type_support.cpp.o[0m
[4.468s] [ 53%] [32mBuilding C object CMakeFiles/yolo_msgs__rosidl_typesupport_introspection_c.dir/rosidl_typesupport_introspection_c/yolo_msgs/msg/detail/detection__type_support.c.o[0m
[4.485s] [ 54%] [32mBuilding C object CMakeFiles/yolo_msgs__rosidl_typesupport_introspection_c.dir/rosidl_typesupport_introspection_c/yolo_msgs/msg/detail/detection_array__type_support.c.o[0m
[4.485s] [ 55%] [32mBuilding CXX object CMakeFiles/yolo_msgs__rosidl_typesupport_introspection_cpp.dir/rosidl_typesupport_introspection_cpp/yolo_msgs/srv/detail/set_classes__type_support.cpp.o[0m
[4.497s] [ 56%] [32mBuilding CXX object CMakeFiles/yolo_msgs__rosidl_typesupport_fastrtps_cpp.dir/rosidl_typesupport_fastrtps_cpp/yolo_msgs/msg/detail/dds_fastrtps/key_point3_d__type_support.cpp.o[0m
[4.499s] [ 57%] [32mBuilding C object CMakeFiles/yolo_msgs__rosidl_typesupport_introspection_c.dir/rosidl_typesupport_introspection_c/yolo_msgs/msg/detail/key_point2_d__type_support.c.o[0m
[4.502s] [ 58%] [32mBuilding CXX object CMakeFiles/yolo_msgs__rosidl_typesupport_fastrtps_c.dir/rosidl_typesupport_fastrtps_c/yolo_msgs/msg/detail/bounding_box2_d__type_support_c.cpp.o[0m
[4.505s] [ 59%] [32mBuilding C object CMakeFiles/yolo_msgs__rosidl_typesupport_introspection_c.dir/rosidl_typesupport_introspection_c/yolo_msgs/msg/detail/key_point2_d_array__type_support.c.o[0m
[4.505s] [ 59%] [32mBuilding CXX object CMakeFiles/yolo_msgs__rosidl_typesupport_c.dir/rosidl_typesupport_c/yolo_msgs/msg/pose2_d__type_support.cpp.o[0m
[4.527s] [ 60%] [32mBuilding C object CMakeFiles/yolo_msgs__rosidl_typesupport_introspection_c.dir/rosidl_typesupport_introspection_c/yolo_msgs/msg/detail/key_point3_d__type_support.c.o[0m
[4.546s] [ 61%] [32mBuilding CXX object CMakeFiles/yolo_msgs__rosidl_typesupport_c.dir/rosidl_typesupport_c/yolo_msgs/msg/vector2__type_support.cpp.o[0m
[4.548s] [ 61%] [32mBuilding C object CMakeFiles/yolo_msgs__rosidl_typesupport_introspection_c.dir/rosidl_typesupport_introspection_c/yolo_msgs/msg/detail/key_point3_d_array__type_support.c.o[0m
[4.553s] [ 62%] [32mBuilding C object CMakeFiles/yolo_msgs__rosidl_typesupport_introspection_c.dir/rosidl_typesupport_introspection_c/yolo_msgs/msg/detail/mask__type_support.c.o[0m
[4.562s] [ 63%] [32mBuilding C object CMakeFiles/yolo_msgs__rosidl_typesupport_introspection_c.dir/rosidl_typesupport_introspection_c/yolo_msgs/msg/detail/point2_d__type_support.c.o[0m
[4.581s] [ 64%] [32mBuilding C object CMakeFiles/yolo_msgs__rosidl_typesupport_introspection_c.dir/rosidl_typesupport_introspection_c/yolo_msgs/msg/detail/pose2_d__type_support.c.o[0m
[4.585s] [ 65%] [32mBuilding CXX object CMakeFiles/yolo_msgs__rosidl_typesupport_c.dir/rosidl_typesupport_c/yolo_msgs/srv/set_classes__type_support.cpp.o[0m
[4.608s] [ 66%] [32mBuilding C object CMakeFiles/yolo_msgs__rosidl_typesupport_introspection_c.dir/rosidl_typesupport_introspection_c/yolo_msgs/msg/detail/vector2__type_support.c.o[0m
[4.608s] [ 67%] [32mBuilding CXX object CMakeFiles/yolo_msgs__rosidl_typesupport_fastrtps_cpp.dir/rosidl_typesupport_fastrtps_cpp/yolo_msgs/msg/detail/dds_fastrtps/key_point3_d_array__type_support.cpp.o[0m
[4.614s] [ 67%] [32mBuilding CXX object CMakeFiles/yolo_msgs__rosidl_typesupport_fastrtps_c.dir/rosidl_typesupport_fastrtps_c/yolo_msgs/msg/detail/bounding_box3_d__type_support_c.cpp.o[0m
[4.632s] [ 68%] [32m[1mLinking CXX shared library libyolo_msgs__rosidl_typesupport_c.so[0m
[4.639s] [ 68%] [32mBuilding C object CMakeFiles/yolo_msgs__rosidl_typesupport_introspection_c.dir/rosidl_typesupport_introspection_c/yolo_msgs/srv/detail/set_classes__type_support.c.o[0m
[4.661s] [ 68%] [32mBuilding CXX object CMakeFiles/yolo_msgs__rosidl_typesupport_fastrtps_cpp.dir/rosidl_typesupport_fastrtps_cpp/yolo_msgs/msg/detail/dds_fastrtps/mask__type_support.cpp.o[0m
[4.699s] [ 68%] Built target yolo_msgs__rosidl_typesupport_c
[4.703s] [ 69%] [32m[1mLinking C shared library libyolo_msgs__rosidl_typesupport_introspection_c.so[0m
[4.710s] [ 70%] [32mBuilding CXX object CMakeFiles/yolo_msgs__rosidl_typesupport_fastrtps_cpp.dir/rosidl_typesupport_fastrtps_cpp/yolo_msgs/msg/detail/dds_fastrtps/point2_d__type_support.cpp.o[0m
[4.716s] [ 71%] [32mBuilding CXX object CMakeFiles/yolo_msgs__rosidl_typesupport_fastrtps_cpp.dir/rosidl_typesupport_fastrtps_cpp/yolo_msgs/msg/detail/dds_fastrtps/pose2_d__type_support.cpp.o[0m
[4.723s] [ 72%] [32mBuilding CXX object CMakeFiles/yolo_msgs__rosidl_typesupport_fastrtps_c.dir/rosidl_typesupport_fastrtps_c/yolo_msgs/msg/detail/detection__type_support_c.cpp.o[0m
[4.756s] [ 72%] Built target yolo_msgs__rosidl_typesupport_introspection_c
[4.768s] [ 73%] [32mBuilding CXX object CMakeFiles/yolo_msgs__rosidl_typesupport_fastrtps_c.dir/rosidl_typesupport_fastrtps_c/yolo_msgs/msg/detail/detection_array__type_support_c.cpp.o[0m
[4.842s] [ 74%] [32mBuilding CXX object CMakeFiles/yolo_msgs__rosidl_typesupport_fastrtps_c.dir/rosidl_typesupport_fastrtps_c/yolo_msgs/msg/detail/key_point2_d__type_support_c.cpp.o[0m
[4.870s] [ 75%] [32mBuilding CXX object CMakeFiles/yolo_msgs__rosidl_typesupport_fastrtps_c.dir/rosidl_typesupport_fastrtps_c/yolo_msgs/msg/detail/key_point2_d_array__type_support_c.cpp.o[0m
[4.935s] [ 75%] [32mBuilding CXX object CMakeFiles/yolo_msgs__rosidl_typesupport_fastrtps_c.dir/rosidl_typesupport_fastrtps_c/yolo_msgs/msg/detail/key_point3_d__type_support_c.cpp.o[0m
[4.938s] [ 76%] [32mBuilding CXX object CMakeFiles/yolo_msgs__rosidl_typesupport_fastrtps_c.dir/rosidl_typesupport_fastrtps_c/yolo_msgs/msg/detail/key_point3_d_array__type_support_c.cpp.o[0m
[4.958s] [ 77%] [32mBuilding CXX object CMakeFiles/yolo_msgs__rosidl_typesupport_fastrtps_c.dir/rosidl_typesupport_fastrtps_c/yolo_msgs/msg/detail/mask__type_support_c.cpp.o[0m
[5.022s] [ 78%] [32mBuilding CXX object CMakeFiles/yolo_msgs__rosidl_typesupport_fastrtps_cpp.dir/rosidl_typesupport_fastrtps_cpp/yolo_msgs/msg/detail/dds_fastrtps/vector2__type_support.cpp.o[0m
[5.029s] [ 79%] [32mBuilding CXX object CMakeFiles/yolo_msgs__rosidl_typesupport_fastrtps_c.dir/rosidl_typesupport_fastrtps_c/yolo_msgs/msg/detail/point2_d__type_support_c.cpp.o[0m
[5.040s] [ 80%] [32m[1mLinking CXX shared library libyolo_msgs__rosidl_typesupport_introspection_cpp.so[0m
[5.067s] [ 81%] [32mBuilding CXX object CMakeFiles/yolo_msgs__rosidl_typesupport_fastrtps_cpp.dir/rosidl_typesupport_fastrtps_cpp/yolo_msgs/srv/detail/dds_fastrtps/set_classes__type_support.cpp.o[0m
[5.097s] [ 82%] [32mBuilding CXX object CMakeFiles/yolo_msgs__rosidl_typesupport_fastrtps_c.dir/rosidl_typesupport_fastrtps_c/yolo_msgs/msg/detail/pose2_d__type_support_c.cpp.o[0m
[5.182s] [ 82%] [32mBuilding CXX object CMakeFiles/yolo_msgs__rosidl_typesupport_fastrtps_c.dir/rosidl_typesupport_fastrtps_c/yolo_msgs/msg/detail/vector2__type_support_c.cpp.o[0m
[5.199s] [ 82%] Built target yolo_msgs__rosidl_typesupport_introspection_cpp
[5.209s] [ 83%] [32mBuilding CXX object CMakeFiles/yolo_msgs__rosidl_typesupport_fastrtps_c.dir/rosidl_typesupport_fastrtps_c/yolo_msgs/srv/detail/set_classes__type_support_c.cpp.o[0m
[5.531s] [ 84%] [32m[1mLinking CXX shared library libyolo_msgs__rosidl_typesupport_fastrtps_c.so[0m
[5.549s] [ 84%] [32m[1mLinking CXX shared library libyolo_msgs__rosidl_typesupport_fastrtps_cpp.so[0m
[5.605s] [ 84%] Built target yolo_msgs__rosidl_typesupport_fastrtps_c
[5.624s] [ 84%] Built target yolo_msgs__rosidl_typesupport_fastrtps_cpp
[5.649s] [ 84%] Built target yolo_msgs
[5.669s] [ 85%] [34m[1mGenerating Python code for ROS interfaces[0m
[7.279s] [ 85%] Built target yolo_msgs__py
[7.303s] [ 86%] [32mBuilding C object CMakeFiles/yolo_msgs__rosidl_generator_py.dir/rosidl_generator_py/yolo_msgs/msg/_detection_s.c.o[0m
[7.303s] [ 86%] [32mBuilding C object CMakeFiles/yolo_msgs__rosidl_generator_py.dir/rosidl_generator_py/yolo_msgs/msg/_bounding_box3_d_s.c.o[0m
[7.303s] [ 88%] [32mBuilding C object CMakeFiles/yolo_msgs__rosidl_generator_py.dir/rosidl_generator_py/yolo_msgs/msg/_bounding_box2_d_s.c.o[0m
[7.303s] [ 88%] [32mBuilding C object CMakeFiles/yolo_msgs__rosidl_generator_py.dir/rosidl_generator_py/yolo_msgs/msg/_key_point2_d_s.c.o[0m
[7.303s] [ 91%] [32mBuilding C object CMakeFiles/yolo_msgs__rosidl_generator_py.dir/rosidl_generator_py/yolo_msgs/msg/_key_point3_d_array_s.c.o[0m
[7.304s] [ 91%] [32mBuilding C object CMakeFiles/yolo_msgs__rosidl_generator_py.dir/rosidl_generator_py/yolo_msgs/msg/_detection_array_s.c.o[0m
[7.304s] [ 91%] [32mBuilding C object CMakeFiles/yolo_msgs__rosidl_generator_py.dir/rosidl_generator_py/yolo_msgs/msg/_key_point2_d_array_s.c.o[0m
[7.304s] [ 91%] [32mBuilding C object CMakeFiles/yolo_msgs__rosidl_generator_py.dir/rosidl_generator_py/yolo_msgs/msg/_key_point3_d_s.c.o[0m
[7.304s] [ 92%] [32mBuilding C object CMakeFiles/yolo_msgs__rosidl_generator_py.dir/rosidl_generator_py/yolo_msgs/msg/_mask_s.c.o[0m
[7.305s] [ 93%] [32mBuilding C object CMakeFiles/yolo_msgs__rosidl_generator_py.dir/rosidl_generator_py/yolo_msgs/msg/_point2_d_s.c.o[0m
[7.305s] [ 94%] [32mBuilding C object CMakeFiles/yolo_msgs__rosidl_generator_py.dir/rosidl_generator_py/yolo_msgs/msg/_vector2_s.c.o[0m
[7.305s] [ 94%] [32mBuilding C object CMakeFiles/yolo_msgs__rosidl_generator_py.dir/rosidl_generator_py/yolo_msgs/msg/_pose2_d_s.c.o[0m
[7.306s] [ 95%] [32mBuilding C object CMakeFiles/yolo_msgs__rosidl_generator_py.dir/rosidl_generator_py/yolo_msgs/srv/_set_classes_s.c.o[0m
[7.502s] [ 96%] [32m[1mLinking C shared library rosidl_generator_py/yolo_msgs/libyolo_msgs__rosidl_generator_py.so[0m
[7.549s] [ 96%] Built target yolo_msgs__rosidl_generator_py
[7.571s] [ 98%] [32mBuilding C object CMakeFiles/yolo_msgs__rosidl_typesupport_introspection_c__pyext.dir/rosidl_generator_py/yolo_msgs/_yolo_msgs_s.ep.rosidl_typesupport_introspection_c.c.o[0m
[7.571s] [ 98%] [32mBuilding C object CMakeFiles/yolo_msgs__rosidl_typesupport_c__pyext.dir/rosidl_generator_py/yolo_msgs/_yolo_msgs_s.ep.rosidl_typesupport_c.c.o[0m
[7.573s] [ 99%] [32mBuilding C object CMakeFiles/yolo_msgs__rosidl_typesupport_fastrtps_c__pyext.dir/rosidl_generator_py/yolo_msgs/_yolo_msgs_s.ep.rosidl_typesupport_fastrtps_c.c.o[0m
[7.780s] [100%] [32m[1mLinking C shared library rosidl_generator_py/yolo_msgs/yolo_msgs_s__rosidl_typesupport_fastrtps_c.cpython-310-x86_64-linux-gnu.so[0m
[7.780s] [100%] [32m[1mLinking C shared library rosidl_generator_py/yolo_msgs/yolo_msgs_s__rosidl_typesupport_c.cpython-310-x86_64-linux-gnu.so[0m
[7.780s] [100%] [32m[1mLinking C shared library rosidl_generator_py/yolo_msgs/yolo_msgs_s__rosidl_typesupport_introspection_c.cpython-310-x86_64-linux-gnu.so[0m
[7.822s] [100%] Built target yolo_msgs__rosidl_typesupport_fastrtps_c__pyext
[7.823s] [100%] Built target yolo_msgs__rosidl_typesupport_c__pyext
[7.827s] [100%] Built target yolo_msgs__rosidl_typesupport_introspection_c__pyext
[7.842s] Invoked command in '/home/kuzdx/optical_flow/build/yolo_msgs' returned '0': /usr/bin/cmake --build /home/kuzdx/optical_flow/build/yolo_msgs -- -j16 -l16
[7.854s] Invoking command in '/home/kuzdx/optical_flow/build/yolo_msgs': /usr/bin/cmake --install /home/kuzdx/optical_flow/build/yolo_msgs
[7.863s] -- Install configuration: "Release"
[7.863s] -- Installing: /home/kuzdx/optical_flow/install/yolo_msgs/share/ament_index/resource_index/rosidl_interfaces/yolo_msgs
[7.864s] -- Installing: /home/kuzdx/optical_flow/install/yolo_msgs/include/yolo_msgs/yolo_msgs
[7.864s] -- Installing: /home/kuzdx/optical_flow/install/yolo_msgs/include/yolo_msgs/yolo_msgs/msg
[7.864s] -- Installing: /home/kuzdx/optical_flow/install/yolo_msgs/include/yolo_msgs/yolo_msgs/msg/mask.h
[7.864s] -- Installing: /home/kuzdx/optical_flow/install/yolo_msgs/include/yolo_msgs/yolo_msgs/msg/detail
[7.864s] -- Installing: /home/kuzdx/optical_flow/install/yolo_msgs/include/yolo_msgs/yolo_msgs/msg/detail/key_point2_d__struct.h
[7.864s] -- Installing: /home/kuzdx/optical_flow/install/yolo_msgs/include/yolo_msgs/yolo_msgs/msg/detail/key_point2_d__functions.c
[7.864s] -- Installing: /home/kuzdx/optical_flow/install/yolo_msgs/include/yolo_msgs/yolo_msgs/msg/detail/key_point2_d_array__type_support.h
[7.865s] -- Installing: /home/kuzdx/optical_flow/install/yolo_msgs/include/yolo_msgs/yolo_msgs/msg/detail/pose2_d__struct.h
[7.865s] -- Installing: /home/kuzdx/optical_flow/install/yolo_msgs/include/yolo_msgs/yolo_msgs/msg/detail/pose2_d__type_support.h
[7.865s] -- Installing: /home/kuzdx/optical_flow/install/yolo_msgs/include/yolo_msgs/yolo_msgs/msg/detail/mask__struct.h
[7.865s] -- Installing: /home/kuzdx/optical_flow/install/yolo_msgs/include/yolo_msgs/yolo_msgs/msg/detail/bounding_box2_d__functions.c
[7.865s] -- Installing: /home/kuzdx/optical_flow/install/yolo_msgs/include/yolo_msgs/yolo_msgs/msg/detail/bounding_box2_d__functions.h
[7.865s] -- Installing: /home/kuzdx/optical_flow/install/yolo_msgs/include/yolo_msgs/yolo_msgs/msg/detail/point2_d__type_support.h
[7.865s] -- Installing: /home/kuzdx/optical_flow/install/yolo_msgs/include/yolo_msgs/yolo_msgs/msg/detail/key_point2_d__functions.h
[7.866s] -- Installing: /home/kuzdx/optical_flow/install/yolo_msgs/include/yolo_msgs/yolo_msgs/msg/detail/bounding_box2_d__type_support.h
[7.866s] -- Installing: /home/kuzdx/optical_flow/install/yolo_msgs/include/yolo_msgs/yolo_msgs/msg/detail/detection__functions.c
[7.866s] -- Installing: /home/kuzdx/optical_flow/install/yolo_msgs/include/yolo_msgs/yolo_msgs/msg/detail/key_point3_d_array__struct.h
[7.866s] -- Installing: /home/kuzdx/optical_flow/install/yolo_msgs/include/yolo_msgs/yolo_msgs/msg/detail/key_point3_d__struct.h
[7.866s] -- Installing: /home/kuzdx/optical_flow/install/yolo_msgs/include/yolo_msgs/yolo_msgs/msg/detail/point2_d__functions.h
[7.866s] -- Installing: /home/kuzdx/optical_flow/install/yolo_msgs/include/yolo_msgs/yolo_msgs/msg/detail/pose2_d__functions.h
[7.866s] -- Installing: /home/kuzdx/optical_flow/install/yolo_msgs/include/yolo_msgs/yolo_msgs/msg/detail/vector2__functions.c
[7.866s] -- Installing: /home/kuzdx/optical_flow/install/yolo_msgs/include/yolo_msgs/yolo_msgs/msg/detail/vector2__struct.h
[7.866s] -- Installing: /home/kuzdx/optical_flow/install/yolo_msgs/include/yolo_msgs/yolo_msgs/msg/detail/pose2_d__functions.c
[7.866s] -- Installing: /home/kuzdx/optical_flow/install/yolo_msgs/include/yolo_msgs/yolo_msgs/msg/detail/key_point2_d__type_support.h
[7.867s] -- Installing: /home/kuzdx/optical_flow/install/yolo_msgs/include/yolo_msgs/yolo_msgs/msg/detail/detection__type_support.h
[7.867s] -- Installing: /home/kuzdx/optical_flow/install/yolo_msgs/include/yolo_msgs/yolo_msgs/msg/detail/bounding_box3_d__type_support.h
[7.867s] -- Installing: /home/kuzdx/optical_flow/install/yolo_msgs/include/yolo_msgs/yolo_msgs/msg/detail/detection_array__struct.h
[7.867s] -- Installing: /home/kuzdx/optical_flow/install/yolo_msgs/include/yolo_msgs/yolo_msgs/msg/detail/key_point3_d__functions.c
[7.867s] -- Installing: /home/kuzdx/optical_flow/install/yolo_msgs/include/yolo_msgs/yolo_msgs/msg/detail/key_point2_d_array__functions.c
[7.867s] -- Installing: /home/kuzdx/optical_flow/install/yolo_msgs/include/yolo_msgs/yolo_msgs/msg/detail/detection__struct.h
[7.867s] -- Installing: /home/kuzdx/optical_flow/install/yolo_msgs/include/yolo_msgs/yolo_msgs/msg/detail/key_point3_d__type_support.h
[7.867s] -- Installing: /home/kuzdx/optical_flow/install/yolo_msgs/include/yolo_msgs/yolo_msgs/msg/detail/point2_d__functions.c
[7.868s] -- Installing: /home/kuzdx/optical_flow/install/yolo_msgs/include/yolo_msgs/yolo_msgs/msg/detail/point2_d__struct.h
[7.868s] -- Installing: /home/kuzdx/optical_flow/install/yolo_msgs/include/yolo_msgs/yolo_msgs/msg/detail/key_point3_d_array__functions.h
[7.868s] -- Installing: /home/kuzdx/optical_flow/install/yolo_msgs/include/yolo_msgs/yolo_msgs/msg/detail/bounding_box3_d__functions.h
[7.868s] -- Installing: /home/kuzdx/optical_flow/install/yolo_msgs/include/yolo_msgs/yolo_msgs/msg/detail/key_point3_d_array__type_support.h
[7.868s] -- Installing: /home/kuzdx/optical_flow/install/yolo_msgs/include/yolo_msgs/yolo_msgs/msg/detail/vector2__functions.h
[7.868s] -- Installing: /home/kuzdx/optical_flow/install/yolo_msgs/include/yolo_msgs/yolo_msgs/msg/detail/vector2__type_support.h
[7.868s] -- Installing: /home/kuzdx/optical_flow/install/yolo_msgs/include/yolo_msgs/yolo_msgs/msg/detail/key_point3_d__functions.h
[7.868s] -- Installing: /home/kuzdx/optical_flow/install/yolo_msgs/include/yolo_msgs/yolo_msgs/msg/detail/mask__functions.c
[7.869s] -- Installing: /home/kuzdx/optical_flow/install/yolo_msgs/include/yolo_msgs/yolo_msgs/msg/detail/bounding_box3_d__functions.c
[7.869s] -- Installing: /home/kuzdx/optical_flow/install/yolo_msgs/include/yolo_msgs/yolo_msgs/msg/detail/mask__type_support.h
[7.869s] -- Installing: /home/kuzdx/optical_flow/install/yolo_msgs/include/yolo_msgs/yolo_msgs/msg/detail/bounding_box3_d__struct.h
[7.869s] -- Installing: /home/kuzdx/optical_flow/install/yolo_msgs/include/yolo_msgs/yolo_msgs/msg/detail/detection_array__functions.h
[7.869s] -- Installing: /home/kuzdx/optical_flow/install/yolo_msgs/include/yolo_msgs/yolo_msgs/msg/detail/key_point2_d_array__functions.h
[7.869s] -- Installing: /home/kuzdx/optical_flow/install/yolo_msgs/include/yolo_msgs/yolo_msgs/msg/detail/bounding_box2_d__struct.h
[7.869s] -- Installing: /home/kuzdx/optical_flow/install/yolo_msgs/include/yolo_msgs/yolo_msgs/msg/detail/key_point2_d_array__struct.h
[7.869s] -- Installing: /home/kuzdx/optical_flow/install/yolo_msgs/include/yolo_msgs/yolo_msgs/msg/detail/key_point3_d_array__functions.c
[7.869s] -- Installing: /home/kuzdx/optical_flow/install/yolo_msgs/include/yolo_msgs/yolo_msgs/msg/detail/mask__functions.h
[7.870s] -- Installing: /home/kuzdx/optical_flow/install/yolo_msgs/include/yolo_msgs/yolo_msgs/msg/detail/detection_array__type_support.h
[7.870s] -- Installing: /home/kuzdx/optical_flow/install/yolo_msgs/include/yolo_msgs/yolo_msgs/msg/detail/detection_array__functions.c
[7.870s] -- Installing: /home/kuzdx/optical_flow/install/yolo_msgs/include/yolo_msgs/yolo_msgs/msg/detail/detection__functions.h
[7.870s] -- Installing: /home/kuzdx/optical_flow/install/yolo_msgs/include/yolo_msgs/yolo_msgs/msg/key_point2_d.h
[7.870s] -- Installing: /home/kuzdx/optical_flow/install/yolo_msgs/include/yolo_msgs/yolo_msgs/msg/vector2.h
[7.870s] -- Installing: /home/kuzdx/optical_flow/install/yolo_msgs/include/yolo_msgs/yolo_msgs/msg/key_point3_d_array.h
[7.870s] -- Installing: /home/kuzdx/optical_flow/install/yolo_msgs/include/yolo_msgs/yolo_msgs/msg/pose2_d.h
[7.870s] -- Installing: /home/kuzdx/optical_flow/install/yolo_msgs/include/yolo_msgs/yolo_msgs/msg/key_point2_d_array.h
[7.871s] -- Installing: /home/kuzdx/optical_flow/install/yolo_msgs/include/yolo_msgs/yolo_msgs/msg/detection_array.h
[7.871s] -- Installing: /home/kuzdx/optical_flow/install/yolo_msgs/include/yolo_msgs/yolo_msgs/msg/key_point3_d.h
[7.871s] -- Installing: /home/kuzdx/optical_flow/install/yolo_msgs/include/yolo_msgs/yolo_msgs/msg/point2_d.h
[7.871s] -- Installing: /home/kuzdx/optical_flow/install/yolo_msgs/include/yolo_msgs/yolo_msgs/msg/bounding_box2_d.h
[7.871s] -- Installing: /home/kuzdx/optical_flow/install/yolo_msgs/include/yolo_msgs/yolo_msgs/msg/bounding_box3_d.h
[7.871s] -- Installing: /home/kuzdx/optical_flow/install/yolo_msgs/include/yolo_msgs/yolo_msgs/msg/rosidl_generator_c__visibility_control.h
[7.871s] -- Installing: /home/kuzdx/optical_flow/install/yolo_msgs/include/yolo_msgs/yolo_msgs/msg/detection.h
[7.871s] -- Installing: /home/kuzdx/optical_flow/install/yolo_msgs/include/yolo_msgs/yolo_msgs/srv
[7.871s] -- Installing: /home/kuzdx/optical_flow/install/yolo_msgs/include/yolo_msgs/yolo_msgs/srv/detail
[7.871s] -- Installing: /home/kuzdx/optical_flow/install/yolo_msgs/include/yolo_msgs/yolo_msgs/srv/detail/set_classes__functions.c
[7.872s] -- Installing: /home/kuzdx/optical_flow/install/yolo_msgs/include/yolo_msgs/yolo_msgs/srv/detail/set_classes__type_support.h
[7.872s] -- Installing: /home/kuzdx/optical_flow/install/yolo_msgs/include/yolo_msgs/yolo_msgs/srv/detail/set_classes__functions.h
[7.872s] -- Installing: /home/kuzdx/optical_flow/install/yolo_msgs/include/yolo_msgs/yolo_msgs/srv/detail/set_classes__struct.h
[7.872s] -- Installing: /home/kuzdx/optical_flow/install/yolo_msgs/include/yolo_msgs/yolo_msgs/srv/set_classes.h
[7.872s] -- Installing: /home/kuzdx/optical_flow/install/yolo_msgs/share/yolo_msgs/environment/library_path.sh
[7.872s] -- Installing: /home/kuzdx/optical_flow/install/yolo_msgs/share/yolo_msgs/environment/library_path.dsv
[7.873s] -- Installing: /home/kuzdx/optical_flow/install/yolo_msgs/lib/libyolo_msgs__rosidl_generator_c.so
[7.873s] -- Set runtime path of "/home/kuzdx/optical_flow/install/yolo_msgs/lib/libyolo_msgs__rosidl_generator_c.so" to ""
[7.873s] -- Up-to-date: /home/kuzdx/optical_flow/install/yolo_msgs/include/yolo_msgs/yolo_msgs
[7.873s] -- Up-to-date: /home/kuzdx/optical_flow/install/yolo_msgs/include/yolo_msgs/yolo_msgs/msg
[7.873s] -- Up-to-date: /home/kuzdx/optical_flow/install/yolo_msgs/include/yolo_msgs/yolo_msgs/msg/detail
[7.873s] -- Installing: /home/kuzdx/optical_flow/install/yolo_msgs/include/yolo_msgs/yolo_msgs/msg/detail/pose2_d__rosidl_typesupport_fastrtps_c.h
[7.873s] -- Installing: /home/kuzdx/optical_flow/install/yolo_msgs/include/yolo_msgs/yolo_msgs/msg/detail/detection__rosidl_typesupport_fastrtps_c.h
[7.873s] -- Installing: /home/kuzdx/optical_flow/install/yolo_msgs/include/yolo_msgs/yolo_msgs/msg/detail/key_point3_d_array__rosidl_typesupport_fastrtps_c.h
[7.874s] -- Installing: /home/kuzdx/optical_flow/install/yolo_msgs/include/yolo_msgs/yolo_msgs/msg/detail/key_point2_d__rosidl_typesupport_fastrtps_c.h
[7.874s] -- Installing: /home/kuzdx/optical_flow/install/yolo_msgs/include/yolo_msgs/yolo_msgs/msg/detail/key_point3_d__rosidl_typesupport_fastrtps_c.h
[7.874s] -- Installing: /home/kuzdx/optical_flow/install/yolo_msgs/include/yolo_msgs/yolo_msgs/msg/detail/point2_d__rosidl_typesupport_fastrtps_c.h
[7.874s] -- Installing: /home/kuzdx/optical_flow/install/yolo_msgs/include/yolo_msgs/yolo_msgs/msg/detail/vector2__rosidl_typesupport_fastrtps_c.h
[7.874s] -- Installing: /home/kuzdx/optical_flow/install/yolo_msgs/include/yolo_msgs/yolo_msgs/msg/detail/detection_array__rosidl_typesupport_fastrtps_c.h
[7.874s] -- Installing: /home/kuzdx/optical_flow/install/yolo_msgs/include/yolo_msgs/yolo_msgs/msg/detail/key_point2_d_array__rosidl_typesupport_fastrtps_c.h
[7.874s] -- Installing: /home/kuzdx/optical_flow/install/yolo_msgs/include/yolo_msgs/yolo_msgs/msg/detail/bounding_box3_d__rosidl_typesupport_fastrtps_c.h
[7.874s] -- Installing: /home/kuzdx/optical_flow/install/yolo_msgs/include/yolo_msgs/yolo_msgs/msg/detail/mask__rosidl_typesupport_fastrtps_c.h
[7.875s] -- Installing: /home/kuzdx/optical_flow/install/yolo_msgs/include/yolo_msgs/yolo_msgs/msg/detail/bounding_box2_d__rosidl_typesupport_fastrtps_c.h
[7.875s] -- Installing: /home/kuzdx/optical_flow/install/yolo_msgs/include/yolo_msgs/yolo_msgs/msg/rosidl_typesupport_fastrtps_c__visibility_control.h
[7.875s] -- Up-to-date: /home/kuzdx/optical_flow/install/yolo_msgs/include/yolo_msgs/yolo_msgs/srv
[7.875s] -- Up-to-date: /home/kuzdx/optical_flow/install/yolo_msgs/include/yolo_msgs/yolo_msgs/srv/detail
[7.875s] -- Installing: /home/kuzdx/optical_flow/install/yolo_msgs/include/yolo_msgs/yolo_msgs/srv/detail/set_classes__rosidl_typesupport_fastrtps_c.h
[7.875s] -- Installing: /home/kuzdx/optical_flow/install/yolo_msgs/lib/libyolo_msgs__rosidl_typesupport_fastrtps_c.so
[7.875s] -- Set runtime path of "/home/kuzdx/optical_flow/install/yolo_msgs/lib/libyolo_msgs__rosidl_typesupport_fastrtps_c.so" to ""
[7.876s] -- Up-to-date: /home/kuzdx/optical_flow/install/yolo_msgs/include/yolo_msgs/yolo_msgs
[7.876s] -- Up-to-date: /home/kuzdx/optical_flow/install/yolo_msgs/include/yolo_msgs/yolo_msgs/msg
[7.876s] -- Up-to-date: /home/kuzdx/optical_flow/install/yolo_msgs/include/yolo_msgs/yolo_msgs/msg/detail
[7.876s] -- Installing: /home/kuzdx/optical_flow/install/yolo_msgs/include/yolo_msgs/yolo_msgs/msg/detail/mask__type_support.c
[7.876s] -- Installing: /home/kuzdx/optical_flow/install/yolo_msgs/include/yolo_msgs/yolo_msgs/msg/detail/bounding_box2_d__rosidl_typesupport_introspection_c.h
[7.876s] -- Installing: /home/kuzdx/optical_flow/install/yolo_msgs/include/yolo_msgs/yolo_msgs/msg/detail/vector2__type_support.c
[7.876s] -- Installing: /home/kuzdx/optical_flow/install/yolo_msgs/include/yolo_msgs/yolo_msgs/msg/detail/detection_array__rosidl_typesupport_introspection_c.h
[7.876s] -- Installing: /home/kuzdx/optical_flow/install/yolo_msgs/include/yolo_msgs/yolo_msgs/msg/detail/mask__rosidl_typesupport_introspection_c.h
[7.876s] -- Installing: /home/kuzdx/optical_flow/install/yolo_msgs/include/yolo_msgs/yolo_msgs/msg/detail/point2_d__type_support.c
[7.876s] -- Installing: /home/kuzdx/optical_flow/install/yolo_msgs/include/yolo_msgs/yolo_msgs/msg/detail/point2_d__rosidl_typesupport_introspection_c.h
[7.876s] -- Installing: /home/kuzdx/optical_flow/install/yolo_msgs/include/yolo_msgs/yolo_msgs/msg/detail/detection_array__type_support.c
[7.877s] -- Installing: /home/kuzdx/optical_flow/install/yolo_msgs/include/yolo_msgs/yolo_msgs/msg/detail/key_point2_d_array__type_support.c
[7.877s] -- Installing: /home/kuzdx/optical_flow/install/yolo_msgs/include/yolo_msgs/yolo_msgs/msg/detail/key_point2_d_array__rosidl_typesupport_introspection_c.h
[7.877s] -- Installing: /home/kuzdx/optical_flow/install/yolo_msgs/include/yolo_msgs/yolo_msgs/msg/detail/key_point3_d_array__rosidl_typesupport_introspection_c.h
[7.877s] -- Installing: /home/kuzdx/optical_flow/install/yolo_msgs/include/yolo_msgs/yolo_msgs/msg/detail/pose2_d__type_support.c
[7.877s] -- Installing: /home/kuzdx/optical_flow/install/yolo_msgs/include/yolo_msgs/yolo_msgs/msg/detail/detection__rosidl_typesupport_introspection_c.h
[7.877s] -- Installing: /home/kuzdx/optical_flow/install/yolo_msgs/include/yolo_msgs/yolo_msgs/msg/detail/vector2__rosidl_typesupport_introspection_c.h
[7.877s] -- Installing: /home/kuzdx/optical_flow/install/yolo_msgs/include/yolo_msgs/yolo_msgs/msg/detail/key_point3_d_array__type_support.c
[7.878s] -- Installing: /home/kuzdx/optical_flow/install/yolo_msgs/include/yolo_msgs/yolo_msgs/msg/detail/bounding_box3_d__rosidl_typesupport_introspection_c.h
[7.878s] -- Installing: /home/kuzdx/optical_flow/install/yolo_msgs/include/yolo_msgs/yolo_msgs/msg/detail/bounding_box2_d__type_support.c
[7.878s] -- Installing: /home/kuzdx/optical_flow/install/yolo_msgs/include/yolo_msgs/yolo_msgs/msg/detail/detection__type_support.c
[7.878s] -- Installing: /home/kuzdx/optical_flow/install/yolo_msgs/include/yolo_msgs/yolo_msgs/msg/detail/pose2_d__rosidl_typesupport_introspection_c.h
[7.878s] -- Installing: /home/kuzdx/optical_flow/install/yolo_msgs/include/yolo_msgs/yolo_msgs/msg/detail/key_point3_d__rosidl_typesupport_introspection_c.h
[7.878s] -- Installing: /home/kuzdx/optical_flow/install/yolo_msgs/include/yolo_msgs/yolo_msgs/msg/detail/key_point2_d__rosidl_typesupport_introspection_c.h
[7.878s] -- Installing: /home/kuzdx/optical_flow/install/yolo_msgs/include/yolo_msgs/yolo_msgs/msg/detail/bounding_box3_d__type_support.c
[7.878s] -- Installing: /home/kuzdx/optical_flow/install/yolo_msgs/include/yolo_msgs/yolo_msgs/msg/detail/key_point2_d__type_support.c
[7.879s] -- Installing: /home/kuzdx/optical_flow/install/yolo_msgs/include/yolo_msgs/yolo_msgs/msg/detail/key_point3_d__type_support.c
[7.879s] -- Installing: /home/kuzdx/optical_flow/install/yolo_msgs/include/yolo_msgs/yolo_msgs/msg/rosidl_typesupport_introspection_c__visibility_control.h
[7.879s] -- Up-to-date: /home/kuzdx/optical_flow/install/yolo_msgs/include/yolo_msgs/yolo_msgs/srv
[7.879s] -- Up-to-date: /home/kuzdx/optical_flow/install/yolo_msgs/include/yolo_msgs/yolo_msgs/srv/detail
[7.879s] -- Installing: /home/kuzdx/optical_flow/install/yolo_msgs/include/yolo_msgs/yolo_msgs/srv/detail/set_classes__rosidl_typesupport_introspection_c.h
[7.879s] -- Installing: /home/kuzdx/optical_flow/install/yolo_msgs/include/yolo_msgs/yolo_msgs/srv/detail/set_classes__type_support.c
[7.879s] -- Installing: /home/kuzdx/optical_flow/install/yolo_msgs/lib/libyolo_msgs__rosidl_typesupport_introspection_c.so
[7.880s] -- Set runtime path of "/home/kuzdx/optical_flow/install/yolo_msgs/lib/libyolo_msgs__rosidl_typesupport_introspection_c.so" to ""
[7.880s] -- Installing: /home/kuzdx/optical_flow/install/yolo_msgs/lib/libyolo_msgs__rosidl_typesupport_c.so
[7.880s] -- Set runtime path of "/home/kuzdx/optical_flow/install/yolo_msgs/lib/libyolo_msgs__rosidl_typesupport_c.so" to ""
[7.880s] -- Up-to-date: /home/kuzdx/optical_flow/install/yolo_msgs/include/yolo_msgs/yolo_msgs
[7.880s] -- Up-to-date: /home/kuzdx/optical_flow/install/yolo_msgs/include/yolo_msgs/yolo_msgs/msg
[7.880s] -- Installing: /home/kuzdx/optical_flow/install/yolo_msgs/include/yolo_msgs/yolo_msgs/msg/point2_d.hpp
[7.880s] -- Installing: /home/kuzdx/optical_flow/install/yolo_msgs/include/yolo_msgs/yolo_msgs/msg/key_point3_d.hpp
[7.880s] -- Up-to-date: /home/kuzdx/optical_flow/install/yolo_msgs/include/yolo_msgs/yolo_msgs/msg/detail
[7.880s] -- Installing: /home/kuzdx/optical_flow/install/yolo_msgs/include/yolo_msgs/yolo_msgs/msg/detail/detection__type_support.hpp
[7.881s] -- Installing: /home/kuzdx/optical_flow/install/yolo_msgs/include/yolo_msgs/yolo_msgs/msg/detail/pose2_d__struct.hpp
[7.881s] -- Installing: /home/kuzdx/optical_flow/install/yolo_msgs/include/yolo_msgs/yolo_msgs/msg/detail/key_point3_d_array__builder.hpp
[7.881s] -- Installing: /home/kuzdx/optical_flow/install/yolo_msgs/include/yolo_msgs/yolo_msgs/msg/detail/pose2_d__type_support.hpp
[7.881s] -- Installing: /home/kuzdx/optical_flow/install/yolo_msgs/include/yolo_msgs/yolo_msgs/msg/detail/pose2_d__traits.hpp
[7.881s] -- Installing: /home/kuzdx/optical_flow/install/yolo_msgs/include/yolo_msgs/yolo_msgs/msg/detail/key_point3_d_array__type_support.hpp
[7.881s] -- Installing: /home/kuzdx/optical_flow/install/yolo_msgs/include/yolo_msgs/yolo_msgs/msg/detail/key_point3_d_array__struct.hpp
[7.881s] -- Installing: /home/kuzdx/optical_flow/install/yolo_msgs/include/yolo_msgs/yolo_msgs/msg/detail/bounding_box3_d__type_support.hpp
[7.881s] -- Installing: /home/kuzdx/optical_flow/install/yolo_msgs/include/yolo_msgs/yolo_msgs/msg/detail/bounding_box3_d__builder.hpp
[7.882s] -- Installing: /home/kuzdx/optical_flow/install/yolo_msgs/include/yolo_msgs/yolo_msgs/msg/detail/mask__builder.hpp
[7.882s] -- Installing: /home/kuzdx/optical_flow/install/yolo_msgs/include/yolo_msgs/yolo_msgs/msg/detail/key_point2_d_array__type_support.hpp
[7.882s] -- Installing: /home/kuzdx/optical_flow/install/yolo_msgs/include/yolo_msgs/yolo_msgs/msg/detail/point2_d__type_support.hpp
[7.882s] -- Installing: /home/kuzdx/optical_flow/install/yolo_msgs/include/yolo_msgs/yolo_msgs/msg/detail/point2_d__traits.hpp
[7.882s] -- Installing: /home/kuzdx/optical_flow/install/yolo_msgs/include/yolo_msgs/yolo_msgs/msg/detail/bounding_box2_d__struct.hpp
[7.882s] -- Installing: /home/kuzdx/optical_flow/install/yolo_msgs/include/yolo_msgs/yolo_msgs/msg/detail/detection__builder.hpp
[7.882s] -- Installing: /home/kuzdx/optical_flow/install/yolo_msgs/include/yolo_msgs/yolo_msgs/msg/detail/mask__traits.hpp
[7.883s] -- Installing: /home/kuzdx/optical_flow/install/yolo_msgs/include/yolo_msgs/yolo_msgs/msg/detail/key_point3_d__type_support.hpp
[7.883s] -- Installing: /home/kuzdx/optical_flow/install/yolo_msgs/include/yolo_msgs/yolo_msgs/msg/detail/detection_array__traits.hpp
[7.883s] -- Installing: /home/kuzdx/optical_flow/install/yolo_msgs/include/yolo_msgs/yolo_msgs/msg/detail/bounding_box2_d__type_support.hpp
[7.883s] -- Installing: /home/kuzdx/optical_flow/install/yolo_msgs/include/yolo_msgs/yolo_msgs/msg/detail/key_point2_d_array__builder.hpp
[7.883s] -- Installing: /home/kuzdx/optical_flow/install/yolo_msgs/include/yolo_msgs/yolo_msgs/msg/detail/vector2__traits.hpp
[7.883s] -- Installing: /home/kuzdx/optical_flow/install/yolo_msgs/include/yolo_msgs/yolo_msgs/msg/detail/key_point2_d__struct.hpp
[7.883s] -- Installing: /home/kuzdx/optical_flow/install/yolo_msgs/include/yolo_msgs/yolo_msgs/msg/detail/key_point2_d__builder.hpp
[7.883s] -- Installing: /home/kuzdx/optical_flow/install/yolo_msgs/include/yolo_msgs/yolo_msgs/msg/detail/detection_array__builder.hpp
[7.884s] -- Installing: /home/kuzdx/optical_flow/install/yolo_msgs/include/yolo_msgs/yolo_msgs/msg/detail/point2_d__builder.hpp
[7.884s] -- Installing: /home/kuzdx/optical_flow/install/yolo_msgs/include/yolo_msgs/yolo_msgs/msg/detail/vector2__struct.hpp
[7.884s] -- Installing: /home/kuzdx/optical_flow/install/yolo_msgs/include/yolo_msgs/yolo_msgs/msg/detail/bounding_box3_d__struct.hpp
[7.884s] -- Installing: /home/kuzdx/optical_flow/install/yolo_msgs/include/yolo_msgs/yolo_msgs/msg/detail/bounding_box3_d__traits.hpp
[7.884s] -- Installing: /home/kuzdx/optical_flow/install/yolo_msgs/include/yolo_msgs/yolo_msgs/msg/detail/key_point2_d__traits.hpp
[7.884s] -- Installing: /home/kuzdx/optical_flow/install/yolo_msgs/include/yolo_msgs/yolo_msgs/msg/detail/mask__struct.hpp
[7.884s] -- Installing: /home/kuzdx/optical_flow/install/yolo_msgs/include/yolo_msgs/yolo_msgs/msg/detail/key_point3_d_array__traits.hpp
[7.885s] -- Installing: /home/kuzdx/optical_flow/install/yolo_msgs/include/yolo_msgs/yolo_msgs/msg/detail/detection_array__struct.hpp
[7.885s] -- Installing: /home/kuzdx/optical_flow/install/yolo_msgs/include/yolo_msgs/yolo_msgs/msg/detail/key_point2_d_array__traits.hpp
[7.885s] -- Installing: /home/kuzdx/optical_flow/install/yolo_msgs/include/yolo_msgs/yolo_msgs/msg/detail/mask__type_support.hpp
[7.885s] -- Installing: /home/kuzdx/optical_flow/install/yolo_msgs/include/yolo_msgs/yolo_msgs/msg/detail/detection__traits.hpp
[7.885s] -- Installing: /home/kuzdx/optical_flow/install/yolo_msgs/include/yolo_msgs/yolo_msgs/msg/detail/detection_array__type_support.hpp
[7.885s] -- Installing: /home/kuzdx/optical_flow/install/yolo_msgs/include/yolo_msgs/yolo_msgs/msg/detail/pose2_d__builder.hpp
[7.885s] -- Installing: /home/kuzdx/optical_flow/install/yolo_msgs/include/yolo_msgs/yolo_msgs/msg/detail/bounding_box2_d__traits.hpp
[7.885s] -- Installing: /home/kuzdx/optical_flow/install/yolo_msgs/include/yolo_msgs/yolo_msgs/msg/detail/point2_d__struct.hpp
[7.886s] -- Installing: /home/kuzdx/optical_flow/install/yolo_msgs/include/yolo_msgs/yolo_msgs/msg/detail/key_point3_d__builder.hpp
[7.886s] -- Installing: /home/kuzdx/optical_flow/install/yolo_msgs/include/yolo_msgs/yolo_msgs/msg/detail/vector2__type_support.hpp
[7.886s] -- Installing: /home/kuzdx/optical_flow/install/yolo_msgs/include/yolo_msgs/yolo_msgs/msg/detail/detection__struct.hpp
[7.886s] -- Installing: /home/kuzdx/optical_flow/install/yolo_msgs/include/yolo_msgs/yolo_msgs/msg/detail/key_point2_d__type_support.hpp
[7.886s] -- Installing: /home/kuzdx/optical_flow/install/yolo_msgs/include/yolo_msgs/yolo_msgs/msg/detail/key_point2_d_array__struct.hpp
[7.886s] -- Installing: /home/kuzdx/optical_flow/install/yolo_msgs/include/yolo_msgs/yolo_msgs/msg/detail/bounding_box2_d__builder.hpp
[7.886s] -- Installing: /home/kuzdx/optical_flow/install/yolo_msgs/include/yolo_msgs/yolo_msgs/msg/detail/key_point3_d__struct.hpp
[7.886s] -- Installing: /home/kuzdx/optical_flow/install/yolo_msgs/include/yolo_msgs/yolo_msgs/msg/detail/key_point3_d__traits.hpp
[7.887s] -- Installing: /home/kuzdx/optical_flow/install/yolo_msgs/include/yolo_msgs/yolo_msgs/msg/detail/vector2__builder.hpp
[7.887s] -- Installing: /home/kuzdx/optical_flow/install/yolo_msgs/include/yolo_msgs/yolo_msgs/msg/key_point2_d.hpp
[7.887s] -- Installing: /home/kuzdx/optical_flow/install/yolo_msgs/include/yolo_msgs/yolo_msgs/msg/bounding_box2_d.hpp
[7.887s] -- Installing: /home/kuzdx/optical_flow/install/yolo_msgs/include/yolo_msgs/yolo_msgs/msg/bounding_box3_d.hpp
[7.887s] -- Installing: /home/kuzdx/optical_flow/install/yolo_msgs/include/yolo_msgs/yolo_msgs/msg/rosidl_generator_cpp__visibility_control.hpp
[7.887s] -- Installing: /home/kuzdx/optical_flow/install/yolo_msgs/include/yolo_msgs/yolo_msgs/msg/pose2_d.hpp
[7.887s] -- Installing: /home/kuzdx/optical_flow/install/yolo_msgs/include/yolo_msgs/yolo_msgs/msg/vector2.hpp
[7.887s] -- Installing: /home/kuzdx/optical_flow/install/yolo_msgs/include/yolo_msgs/yolo_msgs/msg/key_point2_d_array.hpp
[7.887s] -- Installing: /home/kuzdx/optical_flow/install/yolo_msgs/include/yolo_msgs/yolo_msgs/msg/detection_array.hpp
[7.888s] -- Installing: /home/kuzdx/optical_flow/install/yolo_msgs/include/yolo_msgs/yolo_msgs/msg/key_point3_d_array.hpp
[7.888s] -- Installing: /home/kuzdx/optical_flow/install/yolo_msgs/include/yolo_msgs/yolo_msgs/msg/detection.hpp
[7.888s] -- Installing: /home/kuzdx/optical_flow/install/yolo_msgs/include/yolo_msgs/yolo_msgs/msg/mask.hpp
[7.888s] -- Up-to-date: /home/kuzdx/optical_flow/install/yolo_msgs/include/yolo_msgs/yolo_msgs/srv
[7.888s] -- Up-to-date: /home/kuzdx/optical_flow/install/yolo_msgs/include/yolo_msgs/yolo_msgs/srv/detail
[7.888s] -- Installing: /home/kuzdx/optical_flow/install/yolo_msgs/include/yolo_msgs/yolo_msgs/srv/detail/set_classes__traits.hpp
[7.888s] -- Installing: /home/kuzdx/optical_flow/install/yolo_msgs/include/yolo_msgs/yolo_msgs/srv/detail/set_classes__struct.hpp
[7.888s] -- Installing: /home/kuzdx/optical_flow/install/yolo_msgs/include/yolo_msgs/yolo_msgs/srv/detail/set_classes__type_support.hpp
[7.888s] -- Installing: /home/kuzdx/optical_flow/install/yolo_msgs/include/yolo_msgs/yolo_msgs/srv/detail/set_classes__builder.hpp
[7.889s] -- Installing: /home/kuzdx/optical_flow/install/yolo_msgs/include/yolo_msgs/yolo_msgs/srv/set_classes.hpp
[7.889s] -- Up-to-date: /home/kuzdx/optical_flow/install/yolo_msgs/include/yolo_msgs/yolo_msgs
[7.889s] -- Up-to-date: /home/kuzdx/optical_flow/install/yolo_msgs/include/yolo_msgs/yolo_msgs/msg
[7.889s] -- Up-to-date: /home/kuzdx/optical_flow/install/yolo_msgs/include/yolo_msgs/yolo_msgs/msg/detail
[7.889s] -- Installing: /home/kuzdx/optical_flow/install/yolo_msgs/include/yolo_msgs/yolo_msgs/msg/detail/key_point3_d_array__rosidl_typesupport_fastrtps_cpp.hpp
[7.889s] -- Installing: /home/kuzdx/optical_flow/install/yolo_msgs/include/yolo_msgs/yolo_msgs/msg/detail/mask__rosidl_typesupport_fastrtps_cpp.hpp
[7.889s] -- Installing: /home/kuzdx/optical_flow/install/yolo_msgs/include/yolo_msgs/yolo_msgs/msg/detail/dds_fastrtps
[7.889s] -- Installing: /home/kuzdx/optical_flow/install/yolo_msgs/include/yolo_msgs/yolo_msgs/msg/detail/point2_d__rosidl_typesupport_fastrtps_cpp.hpp
[7.889s] -- Installing: /home/kuzdx/optical_flow/install/yolo_msgs/include/yolo_msgs/yolo_msgs/msg/detail/key_point2_d_array__rosidl_typesupport_fastrtps_cpp.hpp
[7.889s] -- Installing: /home/kuzdx/optical_flow/install/yolo_msgs/include/yolo_msgs/yolo_msgs/msg/detail/detection__rosidl_typesupport_fastrtps_cpp.hpp
[7.890s] -- Installing: /home/kuzdx/optical_flow/install/yolo_msgs/include/yolo_msgs/yolo_msgs/msg/detail/key_point2_d__rosidl_typesupport_fastrtps_cpp.hpp
[7.890s] -- Installing: /home/kuzdx/optical_flow/install/yolo_msgs/include/yolo_msgs/yolo_msgs/msg/detail/pose2_d__rosidl_typesupport_fastrtps_cpp.hpp
[7.890s] -- Installing: /home/kuzdx/optical_flow/install/yolo_msgs/include/yolo_msgs/yolo_msgs/msg/detail/vector2__rosidl_typesupport_fastrtps_cpp.hpp
[7.890s] -- Installing: /home/kuzdx/optical_flow/install/yolo_msgs/include/yolo_msgs/yolo_msgs/msg/detail/key_point3_d__rosidl_typesupport_fastrtps_cpp.hpp
[7.890s] -- Installing: /home/kuzdx/optical_flow/install/yolo_msgs/include/yolo_msgs/yolo_msgs/msg/detail/bounding_box2_d__rosidl_typesupport_fastrtps_cpp.hpp
[7.890s] -- Installing: /home/kuzdx/optical_flow/install/yolo_msgs/include/yolo_msgs/yolo_msgs/msg/detail/bounding_box3_d__rosidl_typesupport_fastrtps_cpp.hpp
[7.890s] -- Installing: /home/kuzdx/optical_flow/install/yolo_msgs/include/yolo_msgs/yolo_msgs/msg/detail/detection_array__rosidl_typesupport_fastrtps_cpp.hpp
[7.890s] -- Installing: /home/kuzdx/optical_flow/install/yolo_msgs/include/yolo_msgs/yolo_msgs/msg/rosidl_typesupport_fastrtps_cpp__visibility_control.h
[7.891s] -- Up-to-date: /home/kuzdx/optical_flow/install/yolo_msgs/include/yolo_msgs/yolo_msgs/srv
[7.891s] -- Up-to-date: /home/kuzdx/optical_flow/install/yolo_msgs/include/yolo_msgs/yolo_msgs/srv/detail
[7.891s] -- Installing: /home/kuzdx/optical_flow/install/yolo_msgs/include/yolo_msgs/yolo_msgs/srv/detail/dds_fastrtps
[7.891s] -- Installing: /home/kuzdx/optical_flow/install/yolo_msgs/include/yolo_msgs/yolo_msgs/srv/detail/set_classes__rosidl_typesupport_fastrtps_cpp.hpp
[7.891s] -- Installing: /home/kuzdx/optical_flow/install/yolo_msgs/lib/libyolo_msgs__rosidl_typesupport_fastrtps_cpp.so
[7.891s] -- Set runtime path of "/home/kuzdx/optical_flow/install/yolo_msgs/lib/libyolo_msgs__rosidl_typesupport_fastrtps_cpp.so" to ""
[7.891s] -- Up-to-date: /home/kuzdx/optical_flow/install/yolo_msgs/include/yolo_msgs/yolo_msgs
[7.892s] -- Up-to-date: /home/kuzdx/optical_flow/install/yolo_msgs/include/yolo_msgs/yolo_msgs/msg
[7.892s] -- Up-to-date: /home/kuzdx/optical_flow/install/yolo_msgs/include/yolo_msgs/yolo_msgs/msg/detail
[7.892s] -- Installing: /home/kuzdx/optical_flow/install/yolo_msgs/include/yolo_msgs/yolo_msgs/msg/detail/bounding_box3_d__rosidl_typesupport_introspection_cpp.hpp
[7.892s] -- Installing: /home/kuzdx/optical_flow/install/yolo_msgs/include/yolo_msgs/yolo_msgs/msg/detail/key_point2_d__type_support.cpp
[7.892s] -- Installing: /home/kuzdx/optical_flow/install/yolo_msgs/include/yolo_msgs/yolo_msgs/msg/detail/pose2_d__type_support.cpp
[7.892s] -- Installing: /home/kuzdx/optical_flow/install/yolo_msgs/include/yolo_msgs/yolo_msgs/msg/detail/pose2_d__rosidl_typesupport_introspection_cpp.hpp
[7.892s] -- Installing: /home/kuzdx/optical_flow/install/yolo_msgs/include/yolo_msgs/yolo_msgs/msg/detail/detection_array__type_support.cpp
[7.892s] -- Installing: /home/kuzdx/optical_flow/install/yolo_msgs/include/yolo_msgs/yolo_msgs/msg/detail/mask__rosidl_typesupport_introspection_cpp.hpp
[7.892s] -- Installing: /home/kuzdx/optical_flow/install/yolo_msgs/include/yolo_msgs/yolo_msgs/msg/detail/key_point2_d_array__type_support.cpp
[7.892s] -- Installing: /home/kuzdx/optical_flow/install/yolo_msgs/include/yolo_msgs/yolo_msgs/msg/detail/key_point2_d__rosidl_typesupport_introspection_cpp.hpp
[7.893s] -- Installing: /home/kuzdx/optical_flow/install/yolo_msgs/include/yolo_msgs/yolo_msgs/msg/detail/bounding_box2_d__rosidl_typesupport_introspection_cpp.hpp
[7.893s] -- Installing: /home/kuzdx/optical_flow/install/yolo_msgs/include/yolo_msgs/yolo_msgs/msg/detail/key_point3_d_array__rosidl_typesupport_introspection_cpp.hpp
[7.893s] -- Installing: /home/kuzdx/optical_flow/install/yolo_msgs/include/yolo_msgs/yolo_msgs/msg/detail/detection__type_support.cpp
[7.893s] -- Installing: /home/kuzdx/optical_flow/install/yolo_msgs/include/yolo_msgs/yolo_msgs/msg/detail/key_point3_d__rosidl_typesupport_introspection_cpp.hpp
[7.893s] -- Installing: /home/kuzdx/optical_flow/install/yolo_msgs/include/yolo_msgs/yolo_msgs/msg/detail/vector2__rosidl_typesupport_introspection_cpp.hpp
[7.893s] -- Installing: /home/kuzdx/optical_flow/install/yolo_msgs/include/yolo_msgs/yolo_msgs/msg/detail/point2_d__type_support.cpp
[7.893s] -- Installing: /home/kuzdx/optical_flow/install/yolo_msgs/include/yolo_msgs/yolo_msgs/msg/detail/bounding_box2_d__type_support.cpp
[7.894s] -- Installing: /home/kuzdx/optical_flow/install/yolo_msgs/include/yolo_msgs/yolo_msgs/msg/detail/bounding_box3_d__type_support.cpp
[7.894s] -- Installing: /home/kuzdx/optical_flow/install/yolo_msgs/include/yolo_msgs/yolo_msgs/msg/detail/key_point3_d_array__type_support.cpp
[7.894s] -- Installing: /home/kuzdx/optical_flow/install/yolo_msgs/include/yolo_msgs/yolo_msgs/msg/detail/vector2__type_support.cpp
[7.894s] -- Installing: /home/kuzdx/optical_flow/install/yolo_msgs/include/yolo_msgs/yolo_msgs/msg/detail/mask__type_support.cpp
[7.894s] -- Installing: /home/kuzdx/optical_flow/install/yolo_msgs/include/yolo_msgs/yolo_msgs/msg/detail/key_point2_d_array__rosidl_typesupport_introspection_cpp.hpp
[7.894s] -- Installing: /home/kuzdx/optical_flow/install/yolo_msgs/include/yolo_msgs/yolo_msgs/msg/detail/detection_array__rosidl_typesupport_introspection_cpp.hpp
[7.894s] -- Installing: /home/kuzdx/optical_flow/install/yolo_msgs/include/yolo_msgs/yolo_msgs/msg/detail/detection__rosidl_typesupport_introspection_cpp.hpp
[7.894s] -- Installing: /home/kuzdx/optical_flow/install/yolo_msgs/include/yolo_msgs/yolo_msgs/msg/detail/key_point3_d__type_support.cpp
[7.895s] -- Installing: /home/kuzdx/optical_flow/install/yolo_msgs/include/yolo_msgs/yolo_msgs/msg/detail/point2_d__rosidl_typesupport_introspection_cpp.hpp
[7.895s] -- Up-to-date: /home/kuzdx/optical_flow/install/yolo_msgs/include/yolo_msgs/yolo_msgs/srv
[7.895s] -- Up-to-date: /home/kuzdx/optical_flow/install/yolo_msgs/include/yolo_msgs/yolo_msgs/srv/detail
[7.895s] -- Installing: /home/kuzdx/optical_flow/install/yolo_msgs/include/yolo_msgs/yolo_msgs/srv/detail/set_classes__rosidl_typesupport_introspection_cpp.hpp
[7.895s] -- Installing: /home/kuzdx/optical_flow/install/yolo_msgs/include/yolo_msgs/yolo_msgs/srv/detail/set_classes__type_support.cpp
[7.895s] -- Installing: /home/kuzdx/optical_flow/install/yolo_msgs/lib/libyolo_msgs__rosidl_typesupport_introspection_cpp.so
[7.896s] -- Set runtime path of "/home/kuzdx/optical_flow/install/yolo_msgs/lib/libyolo_msgs__rosidl_typesupport_introspection_cpp.so" to ""
[7.896s] -- Installing: /home/kuzdx/optical_flow/install/yolo_msgs/lib/libyolo_msgs__rosidl_typesupport_cpp.so
[7.896s] -- Set runtime path of "/home/kuzdx/optical_flow/install/yolo_msgs/lib/libyolo_msgs__rosidl_typesupport_cpp.so" to ""
[7.896s] -- Installing: /home/kuzdx/optical_flow/install/yolo_msgs/share/yolo_msgs/environment/pythonpath.sh
[7.896s] -- Installing: /home/kuzdx/optical_flow/install/yolo_msgs/share/yolo_msgs/environment/pythonpath.dsv
[7.896s] -- Installing: /home/kuzdx/optical_flow/install/yolo_msgs/local/lib/python3.10/dist-packages/yolo_msgs-4.2.0-py3.10.egg-info
[7.897s] -- Installing: /home/kuzdx/optical_flow/install/yolo_msgs/local/lib/python3.10/dist-packages/yolo_msgs-4.2.0-py3.10.egg-info/top_level.txt
[7.897s] -- Installing: /home/kuzdx/optical_flow/install/yolo_msgs/local/lib/python3.10/dist-packages/yolo_msgs-4.2.0-py3.10.egg-info/PKG-INFO
[7.897s] -- Installing: /home/kuzdx/optical_flow/install/yolo_msgs/local/lib/python3.10/dist-packages/yolo_msgs-4.2.0-py3.10.egg-info/SOURCES.txt
[7.897s] -- Installing: /home/kuzdx/optical_flow/install/yolo_msgs/local/lib/python3.10/dist-packages/yolo_msgs-4.2.0-py3.10.egg-info/dependency_links.txt
[7.897s] -- Installing: /home/kuzdx/optical_flow/install/yolo_msgs/local/lib/python3.10/dist-packages/yolo_msgs
[7.897s] -- Installing: /home/kuzdx/optical_flow/install/yolo_msgs/local/lib/python3.10/dist-packages/yolo_msgs/yolo_msgs_s__rosidl_typesupport_introspection_c.cpython-310-x86_64-linux-gnu.so
[7.897s] -- Installing: /home/kuzdx/optical_flow/install/yolo_msgs/local/lib/python3.10/dist-packages/yolo_msgs/msg
[7.897s] -- Installing: /home/kuzdx/optical_flow/install/yolo_msgs/local/lib/python3.10/dist-packages/yolo_msgs/msg/_bounding_box2_d_s.c
[7.898s] -- Installing: /home/kuzdx/optical_flow/install/yolo_msgs/local/lib/python3.10/dist-packages/yolo_msgs/msg/_detection.py
[7.898s] -- Installing: /home/kuzdx/optical_flow/install/yolo_msgs/local/lib/python3.10/dist-packages/yolo_msgs/msg/_key_point3_d.py
[7.898s] -- Installing: /home/kuzdx/optical_flow/install/yolo_msgs/local/lib/python3.10/dist-packages/yolo_msgs/msg/_bounding_box2_d.py
[7.898s] -- Installing: /home/kuzdx/optical_flow/install/yolo_msgs/local/lib/python3.10/dist-packages/yolo_msgs/msg/_bounding_box3_d.py
[7.898s] -- Installing: /home/kuzdx/optical_flow/install/yolo_msgs/local/lib/python3.10/dist-packages/yolo_msgs/msg/_vector2_s.c
[7.898s] -- Installing: /home/kuzdx/optical_flow/install/yolo_msgs/local/lib/python3.10/dist-packages/yolo_msgs/msg/_key_point2_d_s.c
[7.898s] -- Installing: /home/kuzdx/optical_flow/install/yolo_msgs/local/lib/python3.10/dist-packages/yolo_msgs/msg/__init__.py
[7.898s] -- Installing: /home/kuzdx/optical_flow/install/yolo_msgs/local/lib/python3.10/dist-packages/yolo_msgs/msg/_pose2_d_s.c
[7.899s] -- Installing: /home/kuzdx/optical_flow/install/yolo_msgs/local/lib/python3.10/dist-packages/yolo_msgs/msg/_point2_d.py
[7.899s] -- Installing: /home/kuzdx/optical_flow/install/yolo_msgs/local/lib/python3.10/dist-packages/yolo_msgs/msg/_bounding_box3_d_s.c
[7.899s] -- Installing: /home/kuzdx/optical_flow/install/yolo_msgs/local/lib/python3.10/dist-packages/yolo_msgs/msg/_detection_array_s.c
[7.899s] -- Installing: /home/kuzdx/optical_flow/install/yolo_msgs/local/lib/python3.10/dist-packages/yolo_msgs/msg/_detection_array.py
[7.899s] -- Installing: /home/kuzdx/optical_flow/install/yolo_msgs/local/lib/python3.10/dist-packages/yolo_msgs/msg/_key_point2_d_array.py
[7.899s] -- Installing: /home/kuzdx/optical_flow/install/yolo_msgs/local/lib/python3.10/dist-packages/yolo_msgs/msg/_vector2.py
[7.899s] -- Installing: /home/kuzdx/optical_flow/install/yolo_msgs/local/lib/python3.10/dist-packages/yolo_msgs/msg/_mask.py
[7.899s] -- Installing: /home/kuzdx/optical_flow/install/yolo_msgs/local/lib/python3.10/dist-packages/yolo_msgs/msg/_key_point2_d_array_s.c
[7.900s] -- Installing: /home/kuzdx/optical_flow/install/yolo_msgs/local/lib/python3.10/dist-packages/yolo_msgs/msg/_key_point3_d_s.c
[7.900s] -- Installing: /home/kuzdx/optical_flow/install/yolo_msgs/local/lib/python3.10/dist-packages/yolo_msgs/msg/_key_point2_d.py
[7.900s] -- Installing: /home/kuzdx/optical_flow/install/yolo_msgs/local/lib/python3.10/dist-packages/yolo_msgs/msg/_key_point3_d_array.py
[7.900s] -- Installing: /home/kuzdx/optical_flow/install/yolo_msgs/local/lib/python3.10/dist-packages/yolo_msgs/msg/_key_point3_d_array_s.c
[7.900s] -- Installing: /home/kuzdx/optical_flow/install/yolo_msgs/local/lib/python3.10/dist-packages/yolo_msgs/msg/_point2_d_s.c
[7.900s] -- Installing: /home/kuzdx/optical_flow/install/yolo_msgs/local/lib/python3.10/dist-packages/yolo_msgs/msg/_pose2_d.py
[7.900s] -- Installing: /home/kuzdx/optical_flow/install/yolo_msgs/local/lib/python3.10/dist-packages/yolo_msgs/msg/_mask_s.c
[7.900s] -- Installing: /home/kuzdx/optical_flow/install/yolo_msgs/local/lib/python3.10/dist-packages/yolo_msgs/msg/_detection_s.c
[7.901s] -- Installing: /home/kuzdx/optical_flow/install/yolo_msgs/local/lib/python3.10/dist-packages/yolo_msgs/yolo_msgs_s__rosidl_typesupport_fastrtps_c.cpython-310-x86_64-linux-gnu.so
[7.901s] -- Installing: /home/kuzdx/optical_flow/install/yolo_msgs/local/lib/python3.10/dist-packages/yolo_msgs/__init__.py
[7.901s] -- Installing: /home/kuzdx/optical_flow/install/yolo_msgs/local/lib/python3.10/dist-packages/yolo_msgs/srv
[7.901s] -- Installing: /home/kuzdx/optical_flow/install/yolo_msgs/local/lib/python3.10/dist-packages/yolo_msgs/srv/_set_classes.py
[7.901s] -- Installing: /home/kuzdx/optical_flow/install/yolo_msgs/local/lib/python3.10/dist-packages/yolo_msgs/srv/_set_classes_s.c
[7.901s] -- Installing: /home/kuzdx/optical_flow/install/yolo_msgs/local/lib/python3.10/dist-packages/yolo_msgs/srv/__init__.py
[7.901s] -- Installing: /home/kuzdx/optical_flow/install/yolo_msgs/local/lib/python3.10/dist-packages/yolo_msgs/_yolo_msgs_s.ep.rosidl_typesupport_introspection_c.c
[7.901s] -- Installing: /home/kuzdx/optical_flow/install/yolo_msgs/local/lib/python3.10/dist-packages/yolo_msgs/yolo_msgs_s__rosidl_typesupport_c.cpython-310-x86_64-linux-gnu.so
[7.902s] -- Installing: /home/kuzdx/optical_flow/install/yolo_msgs/local/lib/python3.10/dist-packages/yolo_msgs/_yolo_msgs_s.ep.rosidl_typesupport_c.c
[7.902s] -- Installing: /home/kuzdx/optical_flow/install/yolo_msgs/local/lib/python3.10/dist-packages/yolo_msgs/_yolo_msgs_s.ep.rosidl_typesupport_fastrtps_c.c
[7.902s] -- Installing: /home/kuzdx/optical_flow/install/yolo_msgs/local/lib/python3.10/dist-packages/yolo_msgs/libyolo_msgs__rosidl_generator_py.so
[7.941s] Listing '/home/kuzdx/optical_flow/install/yolo_msgs/local/lib/python3.10/dist-packages/yolo_msgs'...
[7.942s] Compiling '/home/kuzdx/optical_flow/install/yolo_msgs/local/lib/python3.10/dist-packages/yolo_msgs/__init__.py'...
[7.942s] Listing '/home/kuzdx/optical_flow/install/yolo_msgs/local/lib/python3.10/dist-packages/yolo_msgs/msg'...
[7.942s] Compiling '/home/kuzdx/optical_flow/install/yolo_msgs/local/lib/python3.10/dist-packages/yolo_msgs/msg/__init__.py'...
[7.942s] Compiling '/home/kuzdx/optical_flow/install/yolo_msgs/local/lib/python3.10/dist-packages/yolo_msgs/msg/_bounding_box2_d.py'...
[7.942s] Compiling '/home/kuzdx/optical_flow/install/yolo_msgs/local/lib/python3.10/dist-packages/yolo_msgs/msg/_bounding_box3_d.py'...
[7.942s] Compiling '/home/kuzdx/optical_flow/install/yolo_msgs/local/lib/python3.10/dist-packages/yolo_msgs/msg/_detection.py'...
[7.942s] Compiling '/home/kuzdx/optical_flow/install/yolo_msgs/local/lib/python3.10/dist-packages/yolo_msgs/msg/_detection_array.py'...
[7.942s] Compiling '/home/kuzdx/optical_flow/install/yolo_msgs/local/lib/python3.10/dist-packages/yolo_msgs/msg/_key_point2_d.py'...
[7.942s] Compiling '/home/kuzdx/optical_flow/install/yolo_msgs/local/lib/python3.10/dist-packages/yolo_msgs/msg/_key_point2_d_array.py'...
[7.942s] Compiling '/home/kuzdx/optical_flow/install/yolo_msgs/local/lib/python3.10/dist-packages/yolo_msgs/msg/_key_point3_d.py'...
[7.942s] Compiling '/home/kuzdx/optical_flow/install/yolo_msgs/local/lib/python3.10/dist-packages/yolo_msgs/msg/_key_point3_d_array.py'...
[7.942s] Compiling '/home/kuzdx/optical_flow/install/yolo_msgs/local/lib/python3.10/dist-packages/yolo_msgs/msg/_mask.py'...
[7.942s] Compiling '/home/kuzdx/optical_flow/install/yolo_msgs/local/lib/python3.10/dist-packages/yolo_msgs/msg/_point2_d.py'...
[7.942s] Compiling '/home/kuzdx/optical_flow/install/yolo_msgs/local/lib/python3.10/dist-packages/yolo_msgs/msg/_pose2_d.py'...
[7.942s] Compiling '/home/kuzdx/optical_flow/install/yolo_msgs/local/lib/python3.10/dist-packages/yolo_msgs/msg/_vector2.py'...
[7.943s] Listing '/home/kuzdx/optical_flow/install/yolo_msgs/local/lib/python3.10/dist-packages/yolo_msgs/srv'...
[7.943s] Compiling '/home/kuzdx/optical_flow/install/yolo_msgs/local/lib/python3.10/dist-packages/yolo_msgs/srv/__init__.py'...
[7.943s] Compiling '/home/kuzdx/optical_flow/install/yolo_msgs/local/lib/python3.10/dist-packages/yolo_msgs/srv/_set_classes.py'...
[7.946s] -- Installing: /home/kuzdx/optical_flow/install/yolo_msgs/local/lib/python3.10/dist-packages/yolo_msgs/yolo_msgs_s__rosidl_typesupport_fastrtps_c.cpython-310-x86_64-linux-gnu.so
[7.946s] -- Set runtime path of "/home/kuzdx/optical_flow/install/yolo_msgs/local/lib/python3.10/dist-packages/yolo_msgs/yolo_msgs_s__rosidl_typesupport_fastrtps_c.cpython-310-x86_64-linux-gnu.so" to ""
[7.947s] -- Installing: /home/kuzdx/optical_flow/install/yolo_msgs/local/lib/python3.10/dist-packages/yolo_msgs/yolo_msgs_s__rosidl_typesupport_introspection_c.cpython-310-x86_64-linux-gnu.so
[7.947s] -- Set runtime path of "/home/kuzdx/optical_flow/install/yolo_msgs/local/lib/python3.10/dist-packages/yolo_msgs/yolo_msgs_s__rosidl_typesupport_introspection_c.cpython-310-x86_64-linux-gnu.so" to ""
[7.948s] -- Installing: /home/kuzdx/optical_flow/install/yolo_msgs/local/lib/python3.10/dist-packages/yolo_msgs/yolo_msgs_s__rosidl_typesupport_c.cpython-310-x86_64-linux-gnu.so
[7.948s] -- Set runtime path of "/home/kuzdx/optical_flow/install/yolo_msgs/local/lib/python3.10/dist-packages/yolo_msgs/yolo_msgs_s__rosidl_typesupport_c.cpython-310-x86_64-linux-gnu.so" to ""
[7.949s] -- Installing: /home/kuzdx/optical_flow/install/yolo_msgs/lib/libyolo_msgs__rosidl_generator_py.so
[7.949s] -- Set runtime path of "/home/kuzdx/optical_flow/install/yolo_msgs/lib/libyolo_msgs__rosidl_generator_py.so" to ""
[7.949s] -- Installing: /home/kuzdx/optical_flow/install/yolo_msgs/share/yolo_msgs/msg/BoundingBox2D.idl
[7.950s] -- Installing: /home/kuzdx/optical_flow/install/yolo_msgs/share/yolo_msgs/msg/BoundingBox3D.idl
[7.950s] -- Installing: /home/kuzdx/optical_flow/install/yolo_msgs/share/yolo_msgs/msg/Detection.idl
[7.950s] -- Installing: /home/kuzdx/optical_flow/install/yolo_msgs/share/yolo_msgs/msg/DetectionArray.idl
[7.950s] -- Installing: /home/kuzdx/optical_flow/install/yolo_msgs/share/yolo_msgs/msg/KeyPoint2D.idl
[7.950s] -- Installing: /home/kuzdx/optical_flow/install/yolo_msgs/share/yolo_msgs/msg/KeyPoint2DArray.idl
[7.950s] -- Installing: /home/kuzdx/optical_flow/install/yolo_msgs/share/yolo_msgs/msg/KeyPoint3D.idl
[7.951s] -- Installing: /home/kuzdx/optical_flow/install/yolo_msgs/share/yolo_msgs/msg/KeyPoint3DArray.idl
[7.951s] -- Installing: /home/kuzdx/optical_flow/install/yolo_msgs/share/yolo_msgs/msg/Mask.idl
[7.951s] -- Installing: /home/kuzdx/optical_flow/install/yolo_msgs/share/yolo_msgs/msg/Point2D.idl
[7.951s] -- Installing: /home/kuzdx/optical_flow/install/yolo_msgs/share/yolo_msgs/msg/Pose2D.idl
[7.951s] -- Installing: /home/kuzdx/optical_flow/install/yolo_msgs/share/yolo_msgs/msg/Vector2.idl
[7.951s] -- Installing: /home/kuzdx/optical_flow/install/yolo_msgs/share/yolo_msgs/srv/SetClasses.idl
[7.952s] -- Installing: /home/kuzdx/optical_flow/install/yolo_msgs/share/yolo_msgs/msg/BoundingBox2D.msg
[7.952s] -- Installing: /home/kuzdx/optical_flow/install/yolo_msgs/share/yolo_msgs/msg/BoundingBox3D.msg
[7.952s] -- Installing: /home/kuzdx/optical_flow/install/yolo_msgs/share/yolo_msgs/msg/Detection.msg
[7.952s] -- Installing: /home/kuzdx/optical_flow/install/yolo_msgs/share/yolo_msgs/msg/DetectionArray.msg
[7.952s] -- Installing: /home/kuzdx/optical_flow/install/yolo_msgs/share/yolo_msgs/msg/KeyPoint2D.msg
[7.952s] -- Installing: /home/kuzdx/optical_flow/install/yolo_msgs/share/yolo_msgs/msg/KeyPoint2DArray.msg
[7.952s] -- Installing: /home/kuzdx/optical_flow/install/yolo_msgs/share/yolo_msgs/msg/KeyPoint3D.msg
[7.953s] -- Installing: /home/kuzdx/optical_flow/install/yolo_msgs/share/yolo_msgs/msg/KeyPoint3DArray.msg
[7.953s] -- Installing: /home/kuzdx/optical_flow/install/yolo_msgs/share/yolo_msgs/msg/Mask.msg
[7.953s] -- Installing: /home/kuzdx/optical_flow/install/yolo_msgs/share/yolo_msgs/msg/Point2D.msg
[7.953s] -- Installing: /home/kuzdx/optical_flow/install/yolo_msgs/share/yolo_msgs/msg/Pose2D.msg
[7.953s] -- Installing: /home/kuzdx/optical_flow/install/yolo_msgs/share/yolo_msgs/msg/Vector2.msg
[7.953s] -- Installing: /home/kuzdx/optical_flow/install/yolo_msgs/share/yolo_msgs/srv/SetClasses.srv
[7.954s] -- Installing: /home/kuzdx/optical_flow/install/yolo_msgs/share/yolo_msgs/srv/SetClasses_Request.msg
[7.954s] -- Installing: /home/kuzdx/optical_flow/install/yolo_msgs/share/yolo_msgs/srv/SetClasses_Response.msg
[7.954s] -- Up-to-date: /home/kuzdx/optical_flow/install/yolo_msgs/share/yolo_msgs/msg
[7.954s] -- Up-to-date: /home/kuzdx/optical_flow/install/yolo_msgs/share/yolo_msgs/msg/Vector2.msg
[7.954s] -- Up-to-date: /home/kuzdx/optical_flow/install/yolo_msgs/share/yolo_msgs/msg/KeyPoint3DArray.msg
[7.954s] -- Up-to-date: /home/kuzdx/optical_flow/install/yolo_msgs/share/yolo_msgs/msg/KeyPoint2DArray.msg
[7.954s] -- Up-to-date: /home/kuzdx/optical_flow/install/yolo_msgs/share/yolo_msgs/msg/BoundingBox3D.msg
[7.955s] -- Up-to-date: /home/kuzdx/optical_flow/install/yolo_msgs/share/yolo_msgs/msg/Detection.msg
[7.955s] -- Up-to-date: /home/kuzdx/optical_flow/install/yolo_msgs/share/yolo_msgs/msg/Mask.msg
[7.955s] -- Up-to-date: /home/kuzdx/optical_flow/install/yolo_msgs/share/yolo_msgs/msg/DetectionArray.msg
[7.955s] -- Up-to-date: /home/kuzdx/optical_flow/install/yolo_msgs/share/yolo_msgs/msg/KeyPoint3D.msg
[7.955s] -- Up-to-date: /home/kuzdx/optical_flow/install/yolo_msgs/share/yolo_msgs/msg/Point2D.msg
[7.955s] -- Up-to-date: /home/kuzdx/optical_flow/install/yolo_msgs/share/yolo_msgs/msg/BoundingBox2D.msg
[7.955s] -- Up-to-date: /home/kuzdx/optical_flow/install/yolo_msgs/share/yolo_msgs/msg/KeyPoint2D.msg
[7.955s] -- Up-to-date: /home/kuzdx/optical_flow/install/yolo_msgs/share/yolo_msgs/msg/Pose2D.msg
[7.955s] -- Up-to-date: /home/kuzdx/optical_flow/install/yolo_msgs/share/yolo_msgs/srv
[7.955s] -- Up-to-date: /home/kuzdx/optical_flow/install/yolo_msgs/share/yolo_msgs/srv/SetClasses.srv
[7.955s] -- Installing: /home/kuzdx/optical_flow/install/yolo_msgs/share/ament_index/resource_index/package_run_dependencies/yolo_msgs
[7.956s] -- Installing: /home/kuzdx/optical_flow/install/yolo_msgs/share/ament_index/resource_index/parent_prefix_path/yolo_msgs
[7.956s] -- Installing: /home/kuzdx/optical_flow/install/yolo_msgs/share/yolo_msgs/environment/ament_prefix_path.sh
[7.956s] -- Installing: /home/kuzdx/optical_flow/install/yolo_msgs/share/yolo_msgs/environment/ament_prefix_path.dsv
[7.956s] -- Installing: /home/kuzdx/optical_flow/install/yolo_msgs/share/yolo_msgs/environment/path.sh
[7.956s] -- Installing: /home/kuzdx/optical_flow/install/yolo_msgs/share/yolo_msgs/environment/path.dsv
[7.956s] -- Installing: /home/kuzdx/optical_flow/install/yolo_msgs/share/yolo_msgs/local_setup.bash
[7.956s] -- Installing: /home/kuzdx/optical_flow/install/yolo_msgs/share/yolo_msgs/local_setup.sh
[7.956s] -- Installing: /home/kuzdx/optical_flow/install/yolo_msgs/share/yolo_msgs/local_setup.zsh
[7.956s] -- Installing: /home/kuzdx/optical_flow/install/yolo_msgs/share/yolo_msgs/local_setup.dsv
[7.956s] -- Installing: /home/kuzdx/optical_flow/install/yolo_msgs/share/yolo_msgs/package.dsv
[7.956s] -- Installing: /home/kuzdx/optical_flow/install/yolo_msgs/share/ament_index/resource_index/packages/yolo_msgs
[7.956s] -- Installing: /home/kuzdx/optical_flow/install/yolo_msgs/share/yolo_msgs/cmake/export_yolo_msgs__rosidl_generator_cExport.cmake
[7.957s] -- Installing: /home/kuzdx/optical_flow/install/yolo_msgs/share/yolo_msgs/cmake/export_yolo_msgs__rosidl_generator_cExport-release.cmake
[7.957s] -- Installing: /home/kuzdx/optical_flow/install/yolo_msgs/share/yolo_msgs/cmake/export_yolo_msgs__rosidl_typesupport_fastrtps_cExport.cmake
[7.957s] -- Installing: /home/kuzdx/optical_flow/install/yolo_msgs/share/yolo_msgs/cmake/export_yolo_msgs__rosidl_typesupport_fastrtps_cExport-release.cmake
[7.957s] -- Installing: /home/kuzdx/optical_flow/install/yolo_msgs/share/yolo_msgs/cmake/yolo_msgs__rosidl_typesupport_introspection_cExport.cmake
[7.957s] -- Installing: /home/kuzdx/optical_flow/install/yolo_msgs/share/yolo_msgs/cmake/yolo_msgs__rosidl_typesupport_introspection_cExport-release.cmake
[7.957s] -- Installing: /home/kuzdx/optical_flow/install/yolo_msgs/share/yolo_msgs/cmake/yolo_msgs__rosidl_typesupport_cExport.cmake
[7.958s] -- Installing: /home/kuzdx/optical_flow/install/yolo_msgs/share/yolo_msgs/cmake/yolo_msgs__rosidl_typesupport_cExport-release.cmake
[7.958s] -- Installing: /home/kuzdx/optical_flow/install/yolo_msgs/share/yolo_msgs/cmake/export_yolo_msgs__rosidl_generator_cppExport.cmake
[7.958s] -- Installing: /home/kuzdx/optical_flow/install/yolo_msgs/share/yolo_msgs/cmake/export_yolo_msgs__rosidl_typesupport_fastrtps_cppExport.cmake
[7.958s] -- Installing: /home/kuzdx/optical_flow/install/yolo_msgs/share/yolo_msgs/cmake/export_yolo_msgs__rosidl_typesupport_fastrtps_cppExport-release.cmake
[7.958s] -- Installing: /home/kuzdx/optical_flow/install/yolo_msgs/share/yolo_msgs/cmake/yolo_msgs__rosidl_typesupport_introspection_cppExport.cmake
[7.959s] -- Installing: /home/kuzdx/optical_flow/install/yolo_msgs/share/yolo_msgs/cmake/yolo_msgs__rosidl_typesupport_introspection_cppExport-release.cmake
[7.959s] -- Installing: /home/kuzdx/optical_flow/install/yolo_msgs/share/yolo_msgs/cmake/yolo_msgs__rosidl_typesupport_cppExport.cmake
[7.959s] -- Installing: /home/kuzdx/optical_flow/install/yolo_msgs/share/yolo_msgs/cmake/yolo_msgs__rosidl_typesupport_cppExport-release.cmake
[7.959s] -- Installing: /home/kuzdx/optical_flow/install/yolo_msgs/share/yolo_msgs/cmake/export_yolo_msgs__rosidl_generator_pyExport.cmake
[7.959s] -- Installing: /home/kuzdx/optical_flow/install/yolo_msgs/share/yolo_msgs/cmake/export_yolo_msgs__rosidl_generator_pyExport-release.cmake
[7.959s] -- Installing: /home/kuzdx/optical_flow/install/yolo_msgs/share/yolo_msgs/cmake/rosidl_cmake-extras.cmake
[7.960s] -- Installing: /home/kuzdx/optical_flow/install/yolo_msgs/share/yolo_msgs/cmake/ament_cmake_export_dependencies-extras.cmake
[7.960s] -- Installing: /home/kuzdx/optical_flow/install/yolo_msgs/share/yolo_msgs/cmake/ament_cmake_export_include_directories-extras.cmake
[7.960s] -- Installing: /home/kuzdx/optical_flow/install/yolo_msgs/share/yolo_msgs/cmake/ament_cmake_export_libraries-extras.cmake
[7.960s] -- Installing: /home/kuzdx/optical_flow/install/yolo_msgs/share/yolo_msgs/cmake/ament_cmake_export_targets-extras.cmake
[7.960s] -- Installing: /home/kuzdx/optical_flow/install/yolo_msgs/share/yolo_msgs/cmake/rosidl_cmake_export_typesupport_targets-extras.cmake
[7.960s] -- Installing: /home/kuzdx/optical_flow/install/yolo_msgs/share/yolo_msgs/cmake/rosidl_cmake_export_typesupport_libraries-extras.cmake
[7.960s] -- Installing: /home/kuzdx/optical_flow/install/yolo_msgs/share/yolo_msgs/cmake/yolo_msgsConfig.cmake
[7.961s] -- Installing: /home/kuzdx/optical_flow/install/yolo_msgs/share/yolo_msgs/cmake/yolo_msgsConfig-version.cmake
[7.961s] -- Installing: /home/kuzdx/optical_flow/install/yolo_msgs/share/yolo_msgs/package.xml
[7.963s] Invoked command in '/home/kuzdx/optical_flow/build/yolo_msgs' returned '0': /usr/bin/cmake --install /home/kuzdx/optical_flow/build/yolo_msgs
