[0.082s] DEBUG:colcon:Command line arguments: ['/usr/bin/colcon', 'build', '--symlink-install', '--cmake-args', '-DCMAKE_BUILD_TYPE=Release', '-DPython3_EXECUTABLE=/usr/bin/python3']
[0.082s] DEBUG:colcon:Parsed command line arguments: Namespace(log_base=None, log_level=None, verb_name='build', build_base='build', install_base='install', merge_install=False, symlink_install=True, test_result_base=None, continue_on_error=False, executor='parallel', parallel_workers=16, event_handlers=None, ignore_user_meta=False, metas=['./colcon.meta'], base_paths=['.'], packages_ignore=None, packages_ignore_regex=None, paths=None, packages_up_to=None, packages_up_to_regex=None, packages_above=None, packages_above_and_dependencies=None, packages_above_depth=None, packages_select_by_dep=None, packages_skip_by_dep=None, packages_skip_up_to=None, packages_select_build_failed=False, packages_skip_build_finished=False, packages_select_test_failures=False, packages_skip_test_passed=False, packages_select=None, packages_skip=None, packages_select_regex=None, packages_skip_regex=None, packages_start=None, packages_end=None, allow_overriding=[], cmake_args=['-DCMAKE_BUILD_TYPE=Release', '-DPython3_EXECUTABLE=/usr/bin/python3'], cmake_target=None, cmake_target_skip_unavailable=False, cmake_clean_cache=False, cmake_clean_first=False, cmake_force_configure=False, ament_cmake_args=None, catkin_cmake_args=None, catkin_skip_building_tests=False, verb_parser=<colcon_defaults.argument_parser.defaults.DefaultArgumentsDecorator object at 0x7488de756dd0>, verb_extension=<colcon_core.verb.build.BuildVerb object at 0x7488de7568c0>, main=<bound method BuildVerb.main of <colcon_core.verb.build.BuildVerb object at 0x7488de7568c0>>)
[0.241s] Level 1:colcon.colcon_core.package_discovery:discover_packages(colcon_meta) check parameters
[0.241s] Level 1:colcon.colcon_core.package_discovery:discover_packages(recursive) check parameters
[0.241s] Level 1:colcon.colcon_core.package_discovery:discover_packages(ignore) check parameters
[0.241s] Level 1:colcon.colcon_core.package_discovery:discover_packages(path) check parameters
[0.241s] Level 1:colcon.colcon_core.package_discovery:discover_packages(colcon_meta) discover
[0.241s] Level 1:colcon.colcon_core.package_discovery:discover_packages(recursive) discover
[0.241s] INFO:colcon.colcon_core.package_discovery:Crawling recursively for packages in '/home/kuzdx/optical_flow'
[0.241s] Level 1:colcon.colcon_core.package_identification:_identify(.) by extensions ['ignore', 'ignore_ament_install']
[0.241s] Level 1:colcon.colcon_core.package_identification:_identify(.) by extension 'ignore'
[0.241s] Level 1:colcon.colcon_core.package_identification:_identify(.) by extension 'ignore_ament_install'
[0.241s] Level 1:colcon.colcon_core.package_identification:_identify(.) by extensions ['colcon_pkg']
[0.241s] Level 1:colcon.colcon_core.package_identification:_identify(.) by extension 'colcon_pkg'
[0.241s] Level 1:colcon.colcon_core.package_identification:_identify(.) by extensions ['colcon_meta']
[0.241s] Level 1:colcon.colcon_core.package_identification:_identify(.) by extension 'colcon_meta'
[0.241s] Level 1:colcon.colcon_core.package_identification:_identify(.) by extensions ['ros']
[0.241s] Level 1:colcon.colcon_core.package_identification:_identify(.) by extension 'ros'
[0.255s] Level 1:colcon.colcon_core.package_identification:_identify(.) by extensions ['cmake', 'python']
[0.255s] Level 1:colcon.colcon_core.package_identification:_identify(.) by extension 'cmake'
[0.255s] Level 1:colcon.colcon_core.package_identification:_identify(.) by extension 'python'
[0.255s] Level 1:colcon.colcon_core.package_identification:_identify(.) by extensions ['python_setup_py']
[0.255s] Level 1:colcon.colcon_core.package_identification:_identify(.) by extension 'python_setup_py'
[0.255s] Level 1:colcon.colcon_core.package_identification:_identify(build) by extensions ['ignore', 'ignore_ament_install']
[0.255s] Level 1:colcon.colcon_core.package_identification:_identify(build) by extension 'ignore'
[0.255s] Level 1:colcon.colcon_core.package_identification:_identify(build) ignored
[0.255s] Level 1:colcon.colcon_core.package_identification:_identify(install) by extensions ['ignore', 'ignore_ament_install']
[0.255s] Level 1:colcon.colcon_core.package_identification:_identify(install) by extension 'ignore'
[0.255s] Level 1:colcon.colcon_core.package_identification:_identify(install) ignored
[0.256s] Level 1:colcon.colcon_core.package_identification:_identify(log) by extensions ['ignore', 'ignore_ament_install']
[0.256s] Level 1:colcon.colcon_core.package_identification:_identify(log) by extension 'ignore'
[0.256s] Level 1:colcon.colcon_core.package_identification:_identify(log) ignored
[0.256s] Level 1:colcon.colcon_core.package_identification:_identify(src) by extensions ['ignore', 'ignore_ament_install']
[0.256s] Level 1:colcon.colcon_core.package_identification:_identify(src) by extension 'ignore'
[0.256s] Level 1:colcon.colcon_core.package_identification:_identify(src) by extension 'ignore_ament_install'
[0.256s] Level 1:colcon.colcon_core.package_identification:_identify(src) by extensions ['colcon_pkg']
[0.256s] Level 1:colcon.colcon_core.package_identification:_identify(src) by extension 'colcon_pkg'
[0.256s] Level 1:colcon.colcon_core.package_identification:_identify(src) by extensions ['colcon_meta']
[0.256s] Level 1:colcon.colcon_core.package_identification:_identify(src) by extension 'colcon_meta'
[0.256s] Level 1:colcon.colcon_core.package_identification:_identify(src) by extensions ['ros']
[0.256s] Level 1:colcon.colcon_core.package_identification:_identify(src) by extension 'ros'
[0.256s] Level 1:colcon.colcon_core.package_identification:_identify(src) by extensions ['cmake', 'python']
[0.256s] Level 1:colcon.colcon_core.package_identification:_identify(src) by extension 'cmake'
[0.256s] Level 1:colcon.colcon_core.package_identification:_identify(src) by extension 'python'
[0.256s] Level 1:colcon.colcon_core.package_identification:_identify(src) by extensions ['python_setup_py']
[0.256s] Level 1:colcon.colcon_core.package_identification:_identify(src) by extension 'python_setup_py'
[0.256s] Level 1:colcon.colcon_core.package_identification:_identify(src/dynamic-obstacle) by extensions ['ignore', 'ignore_ament_install']
[0.256s] Level 1:colcon.colcon_core.package_identification:_identify(src/dynamic-obstacle) by extension 'ignore'
[0.256s] Level 1:colcon.colcon_core.package_identification:_identify(src/dynamic-obstacle) by extension 'ignore_ament_install'
[0.256s] Level 1:colcon.colcon_core.package_identification:_identify(src/dynamic-obstacle) by extensions ['colcon_pkg']
[0.256s] Level 1:colcon.colcon_core.package_identification:_identify(src/dynamic-obstacle) by extension 'colcon_pkg'
[0.256s] Level 1:colcon.colcon_core.package_identification:_identify(src/dynamic-obstacle) by extensions ['colcon_meta']
[0.256s] Level 1:colcon.colcon_core.package_identification:_identify(src/dynamic-obstacle) by extension 'colcon_meta'
[0.256s] Level 1:colcon.colcon_core.package_identification:_identify(src/dynamic-obstacle) by extensions ['ros']
[0.256s] Level 1:colcon.colcon_core.package_identification:_identify(src/dynamic-obstacle) by extension 'ros'
[0.258s] DEBUG:colcon.colcon_core.package_identification:Package 'src/dynamic-obstacle' with type 'ros.ament_python' and name 'dynamic-obstacle'
[0.258s] Level 1:colcon.colcon_core.package_identification:_identify(src/yolo_msgs) by extensions ['ignore', 'ignore_ament_install']
[0.258s] Level 1:colcon.colcon_core.package_identification:_identify(src/yolo_msgs) by extension 'ignore'
[0.258s] Level 1:colcon.colcon_core.package_identification:_identify(src/yolo_msgs) by extension 'ignore_ament_install'
[0.258s] Level 1:colcon.colcon_core.package_identification:_identify(src/yolo_msgs) by extensions ['colcon_pkg']
[0.258s] Level 1:colcon.colcon_core.package_identification:_identify(src/yolo_msgs) by extension 'colcon_pkg'
[0.259s] Level 1:colcon.colcon_core.package_identification:_identify(src/yolo_msgs) by extensions ['colcon_meta']
[0.259s] Level 1:colcon.colcon_core.package_identification:_identify(src/yolo_msgs) by extension 'colcon_meta'
[0.259s] Level 1:colcon.colcon_core.package_identification:_identify(src/yolo_msgs) by extensions ['ros']
[0.259s] Level 1:colcon.colcon_core.package_identification:_identify(src/yolo_msgs) by extension 'ros'
[0.259s] DEBUG:colcon.colcon_core.package_identification:Package 'src/yolo_msgs' with type 'ros.catkin' and name 'yolo_msgs'
[0.259s] Level 1:colcon.colcon_core.package_identification:_identify(src/yolo_ros_ros1) by extensions ['ignore', 'ignore_ament_install']
[0.259s] Level 1:colcon.colcon_core.package_identification:_identify(src/yolo_ros_ros1) by extension 'ignore'
[0.259s] Level 1:colcon.colcon_core.package_identification:_identify(src/yolo_ros_ros1) by extension 'ignore_ament_install'
[0.259s] Level 1:colcon.colcon_core.package_identification:_identify(src/yolo_ros_ros1) by extensions ['colcon_pkg']
[0.259s] Level 1:colcon.colcon_core.package_identification:_identify(src/yolo_ros_ros1) by extension 'colcon_pkg'
[0.259s] Level 1:colcon.colcon_core.package_identification:_identify(src/yolo_ros_ros1) by extensions ['colcon_meta']
[0.259s] Level 1:colcon.colcon_core.package_identification:_identify(src/yolo_ros_ros1) by extension 'colcon_meta'
[0.259s] Level 1:colcon.colcon_core.package_identification:_identify(src/yolo_ros_ros1) by extensions ['ros']
[0.259s] Level 1:colcon.colcon_core.package_identification:_identify(src/yolo_ros_ros1) by extension 'ros'
[0.260s] DEBUG:colcon.colcon_core.package_identification:Package 'src/yolo_ros_ros1' with type 'ros.ament_python' and name 'yolo_ros_ros1'
[0.260s] Level 1:colcon.colcon_core.package_discovery:discover_packages(recursive) using defaults
[0.260s] Level 1:colcon.colcon_core.package_discovery:discover_packages(ignore) discover
[0.260s] Level 1:colcon.colcon_core.package_discovery:discover_packages(ignore) using defaults
[0.260s] Level 1:colcon.colcon_core.package_discovery:discover_packages(path) discover
[0.260s] Level 1:colcon.colcon_core.package_discovery:discover_packages(path) using defaults
[0.275s] Level 1:colcon.colcon_core.package_discovery:discover_packages(prefix_path) check parameters
[0.275s] Level 1:colcon.colcon_core.package_discovery:discover_packages(prefix_path) discover
[0.275s] WARNING:colcon.colcon_ros.prefix_path.ament:The path '/home/kuzdx/optical_flow/install/yolo_ros_ros1' in the environment variable AMENT_PREFIX_PATH doesn't exist
[0.275s] WARNING:colcon.colcon_ros.prefix_path.ament:The path '/home/kuzdx/optical_flow/install/dynamic-obstacle' in the environment variable AMENT_PREFIX_PATH doesn't exist
[0.275s] WARNING:colcon.colcon_ros.prefix_path.catkin:The path '/home/kuzdx/optical_flow/install/yolo_msgs' in the environment variable CMAKE_PREFIX_PATH doesn't exist
[0.276s] DEBUG:colcon.colcon_installed_package_information.package_discovery:Found 0 installed packages in /home/kuzdx/optical_flow/install
[0.277s] DEBUG:colcon.colcon_installed_package_information.package_discovery:Found 279 installed packages in /opt/ros/humble
[0.278s] Level 1:colcon.colcon_core.package_discovery:discover_packages(prefix_path) using defaults
[0.306s] Level 5:colcon.colcon_core.verb:set package 'dynamic-obstacle' build argument 'cmake_args' from command line to '['-DCMAKE_BUILD_TYPE=Release', '-DPython3_EXECUTABLE=/usr/bin/python3']'
[0.306s] Level 5:colcon.colcon_core.verb:set package 'dynamic-obstacle' build argument 'cmake_target' from command line to 'None'
[0.306s] Level 5:colcon.colcon_core.verb:set package 'dynamic-obstacle' build argument 'cmake_target_skip_unavailable' from command line to 'False'
[0.306s] Level 5:colcon.colcon_core.verb:set package 'dynamic-obstacle' build argument 'cmake_clean_cache' from command line to 'False'
[0.306s] Level 5:colcon.colcon_core.verb:set package 'dynamic-obstacle' build argument 'cmake_clean_first' from command line to 'False'
[0.306s] Level 5:colcon.colcon_core.verb:set package 'dynamic-obstacle' build argument 'cmake_force_configure' from command line to 'False'
[0.306s] Level 5:colcon.colcon_core.verb:set package 'dynamic-obstacle' build argument 'ament_cmake_args' from command line to 'None'
[0.306s] Level 5:colcon.colcon_core.verb:set package 'dynamic-obstacle' build argument 'catkin_cmake_args' from command line to 'None'
[0.307s] Level 5:colcon.colcon_core.verb:set package 'dynamic-obstacle' build argument 'catkin_skip_building_tests' from command line to 'False'
[0.307s] DEBUG:colcon.colcon_core.verb:Building package 'dynamic-obstacle' with the following arguments: {'ament_cmake_args': None, 'build_base': '/home/kuzdx/optical_flow/build/dynamic-obstacle', 'catkin_cmake_args': None, 'catkin_skip_building_tests': False, 'cmake_args': ['-DCMAKE_BUILD_TYPE=Release', '-DPython3_EXECUTABLE=/usr/bin/python3'], 'cmake_clean_cache': False, 'cmake_clean_first': False, 'cmake_force_configure': False, 'cmake_target': None, 'cmake_target_skip_unavailable': False, 'install_base': '/home/kuzdx/optical_flow/install/dynamic-obstacle', 'merge_install': False, 'path': '/home/kuzdx/optical_flow/src/dynamic-obstacle', 'symlink_install': True, 'test_result_base': None}
[0.307s] Level 5:colcon.colcon_core.verb:set package 'yolo_msgs' build argument 'cmake_args' from command line to '['-DCMAKE_BUILD_TYPE=Release', '-DPython3_EXECUTABLE=/usr/bin/python3']'
[0.307s] Level 5:colcon.colcon_core.verb:set package 'yolo_msgs' build argument 'cmake_target' from command line to 'None'
[0.307s] Level 5:colcon.colcon_core.verb:set package 'yolo_msgs' build argument 'cmake_target_skip_unavailable' from command line to 'False'
[0.307s] Level 5:colcon.colcon_core.verb:set package 'yolo_msgs' build argument 'cmake_clean_cache' from command line to 'False'
[0.307s] Level 5:colcon.colcon_core.verb:set package 'yolo_msgs' build argument 'cmake_clean_first' from command line to 'False'
[0.307s] Level 5:colcon.colcon_core.verb:set package 'yolo_msgs' build argument 'cmake_force_configure' from command line to 'False'
[0.307s] Level 5:colcon.colcon_core.verb:set package 'yolo_msgs' build argument 'ament_cmake_args' from command line to 'None'
[0.307s] Level 5:colcon.colcon_core.verb:set package 'yolo_msgs' build argument 'catkin_cmake_args' from command line to 'None'
[0.307s] Level 5:colcon.colcon_core.verb:set package 'yolo_msgs' build argument 'catkin_skip_building_tests' from command line to 'False'
[0.307s] DEBUG:colcon.colcon_core.verb:Building package 'yolo_msgs' with the following arguments: {'ament_cmake_args': None, 'build_base': '/home/kuzdx/optical_flow/build/yolo_msgs', 'catkin_cmake_args': None, 'catkin_skip_building_tests': False, 'cmake_args': ['-DCMAKE_BUILD_TYPE=Release', '-DPython3_EXECUTABLE=/usr/bin/python3'], 'cmake_clean_cache': False, 'cmake_clean_first': False, 'cmake_force_configure': False, 'cmake_target': None, 'cmake_target_skip_unavailable': False, 'install_base': '/home/kuzdx/optical_flow/install/yolo_msgs', 'merge_install': False, 'path': '/home/kuzdx/optical_flow/src/yolo_msgs', 'symlink_install': True, 'test_result_base': None}
[0.307s] Level 5:colcon.colcon_core.verb:set package 'yolo_ros_ros1' build argument 'cmake_args' from command line to '['-DCMAKE_BUILD_TYPE=Release', '-DPython3_EXECUTABLE=/usr/bin/python3']'
[0.307s] Level 5:colcon.colcon_core.verb:set package 'yolo_ros_ros1' build argument 'cmake_target' from command line to 'None'
[0.307s] Level 5:colcon.colcon_core.verb:set package 'yolo_ros_ros1' build argument 'cmake_target_skip_unavailable' from command line to 'False'
[0.307s] Level 5:colcon.colcon_core.verb:set package 'yolo_ros_ros1' build argument 'cmake_clean_cache' from command line to 'False'
[0.307s] Level 5:colcon.colcon_core.verb:set package 'yolo_ros_ros1' build argument 'cmake_clean_first' from command line to 'False'
[0.307s] Level 5:colcon.colcon_core.verb:set package 'yolo_ros_ros1' build argument 'cmake_force_configure' from command line to 'False'
[0.307s] Level 5:colcon.colcon_core.verb:set package 'yolo_ros_ros1' build argument 'ament_cmake_args' from command line to 'None'
[0.307s] Level 5:colcon.colcon_core.verb:set package 'yolo_ros_ros1' build argument 'catkin_cmake_args' from command line to 'None'
[0.307s] Level 5:colcon.colcon_core.verb:set package 'yolo_ros_ros1' build argument 'catkin_skip_building_tests' from command line to 'False'
[0.307s] DEBUG:colcon.colcon_core.verb:Building package 'yolo_ros_ros1' with the following arguments: {'ament_cmake_args': None, 'build_base': '/home/kuzdx/optical_flow/build/yolo_ros_ros1', 'catkin_cmake_args': None, 'catkin_skip_building_tests': False, 'cmake_args': ['-DCMAKE_BUILD_TYPE=Release', '-DPython3_EXECUTABLE=/usr/bin/python3'], 'cmake_clean_cache': False, 'cmake_clean_first': False, 'cmake_force_configure': False, 'cmake_target': None, 'cmake_target_skip_unavailable': False, 'install_base': '/home/kuzdx/optical_flow/install/yolo_ros_ros1', 'merge_install': False, 'path': '/home/kuzdx/optical_flow/src/yolo_ros_ros1', 'symlink_install': True, 'test_result_base': None}
[0.307s] INFO:colcon.colcon_core.executor:Executing jobs using 'parallel' executor
[0.308s] DEBUG:colcon.colcon_parallel_executor.executor.parallel:run_until_complete
[0.309s] INFO:colcon.colcon_ros.task.catkin.build:Building ROS package in '/home/kuzdx/optical_flow/src/yolo_msgs' with build type 'catkin'
[0.309s] INFO:colcon.colcon_cmake.task.cmake.build:Building CMake package in '/home/kuzdx/optical_flow/src/yolo_msgs'
[0.310s] INFO:colcon.colcon_core.plugin_system:Skipping extension 'colcon_core.shell.bat': Not used on non-Windows systems
[0.310s] INFO:colcon.colcon_core.shell:Skip shell extension 'powershell' for command environment: Not usable outside of PowerShell
[0.310s] DEBUG:colcon.colcon_core.shell:Skip shell extension 'dsv' for command environment
[0.313s] INFO:colcon.colcon_ros.task.ament_python.build:Building ROS package in '/home/kuzdx/optical_flow/src/dynamic-obstacle' with build type 'ament_python'
[0.313s] Level 1:colcon.colcon_core.shell:create_environment_hook('dynamic-obstacle', 'ament_prefix_path')
[0.313s] INFO:colcon.colcon_core.shell:Creating environment hook '/home/kuzdx/optical_flow/install/dynamic-obstacle/share/dynamic-obstacle/hook/ament_prefix_path.ps1'
[0.314s] INFO:colcon.colcon_core.shell:Creating environment descriptor '/home/kuzdx/optical_flow/install/dynamic-obstacle/share/dynamic-obstacle/hook/ament_prefix_path.dsv'
[0.314s] INFO:colcon.colcon_core.shell:Creating environment hook '/home/kuzdx/optical_flow/install/dynamic-obstacle/share/dynamic-obstacle/hook/ament_prefix_path.sh'
[0.314s] INFO:colcon.colcon_core.shell:Skip shell extension 'powershell' for command environment: Not usable outside of PowerShell
[0.314s] DEBUG:colcon.colcon_core.shell:Skip shell extension 'dsv' for command environment
[0.321s] DEBUG:colcon.colcon_core.event_handler.log_command:Invoking command in '/home/kuzdx/optical_flow/build/yolo_msgs': /usr/bin/cmake /home/kuzdx/optical_flow/src/yolo_msgs -DCMAKE_BUILD_TYPE=Release -DPython3_EXECUTABLE=/usr/bin/python3 -DCATKIN_INSTALL_INTO_PREFIX_ROOT=0 -DCATKIN_SYMLINK_INSTALL=ON -DCMAKE_INSTALL_PREFIX=/home/kuzdx/optical_flow/install/yolo_msgs
[0.556s] INFO:colcon.colcon_core.task.python.build:Building Python package in '/home/kuzdx/optical_flow/src/dynamic-obstacle'
[0.557s] INFO:colcon.colcon_core.shell:Skip shell extension 'powershell' for command environment: Not usable outside of PowerShell
[0.557s] DEBUG:colcon.colcon_core.shell:Skip shell extension 'dsv' for command environment
[0.872s] DEBUG:colcon.colcon_core.event_handler.log_command:Invoking command in '/home/kuzdx/optical_flow/build/dynamic-obstacle': PYTHONPATH=/home/kuzdx/optical_flow/build/dynamic-obstacle/prefix_override:/usr/lib/python3/dist-packages/colcon_core/task/python/colcon_distutils_commands:/home/kuzdx/optical_flow/install/dynamic-obstacle/lib/python3.10/site-packages:${PYTHONPATH} /usr/bin/python3 -W ignore:setup.py install is deprecated -W ignore:easy_install command is deprecated setup.py develop --editable --build-directory /home/kuzdx/optical_flow/build/dynamic-obstacle/build --no-deps symlink_data
[1.274s] Level 1:colcon.colcon_core.shell:create_environment_hook('dynamic-obstacle', 'pythonpath_develop')
[1.275s] INFO:colcon.colcon_core.shell:Creating environment hook '/home/kuzdx/optical_flow/build/dynamic-obstacle/share/dynamic-obstacle/hook/pythonpath_develop.ps1'
[1.275s] DEBUG:colcon.colcon_core.event_handler.log_command:Invoked command in '/home/kuzdx/optical_flow/build/dynamic-obstacle' returned '0': PYTHONPATH=/home/kuzdx/optical_flow/build/dynamic-obstacle/prefix_override:/usr/lib/python3/dist-packages/colcon_core/task/python/colcon_distutils_commands:/home/kuzdx/optical_flow/install/dynamic-obstacle/lib/python3.10/site-packages:${PYTHONPATH} /usr/bin/python3 -W ignore:setup.py install is deprecated -W ignore:easy_install command is deprecated setup.py develop --editable --build-directory /home/kuzdx/optical_flow/build/dynamic-obstacle/build --no-deps symlink_data
[1.276s] INFO:colcon.colcon_core.shell:Creating environment descriptor '/home/kuzdx/optical_flow/build/dynamic-obstacle/share/dynamic-obstacle/hook/pythonpath_develop.dsv'
[1.276s] INFO:colcon.colcon_core.shell:Creating environment hook '/home/kuzdx/optical_flow/build/dynamic-obstacle/share/dynamic-obstacle/hook/pythonpath_develop.sh'
[1.279s] Level 1:colcon.colcon_core.environment:checking '/home/kuzdx/optical_flow/install/dynamic-obstacle' for CMake module files
[1.279s] Level 1:colcon.colcon_core.environment:checking '/home/kuzdx/optical_flow/install/dynamic-obstacle' for CMake config files
[1.280s] Level 1:colcon.colcon_core.environment:checking '/home/kuzdx/optical_flow/install/dynamic-obstacle/lib'
[1.280s] Level 1:colcon.colcon_core.environment:checking '/home/kuzdx/optical_flow/install/dynamic-obstacle/bin'
[1.280s] Level 1:colcon.colcon_core.environment:checking '/home/kuzdx/optical_flow/install/dynamic-obstacle/lib/pkgconfig/dynamic-obstacle.pc'
[1.280s] Level 1:colcon.colcon_core.environment:checking '/home/kuzdx/optical_flow/install/dynamic-obstacle/lib/python3.10/site-packages'
[1.280s] Level 1:colcon.colcon_core.shell:create_environment_hook('dynamic-obstacle', 'pythonpath')
[1.280s] INFO:colcon.colcon_core.shell:Creating environment hook '/home/kuzdx/optical_flow/install/dynamic-obstacle/share/dynamic-obstacle/hook/pythonpath.ps1'
[1.281s] INFO:colcon.colcon_core.shell:Creating environment descriptor '/home/kuzdx/optical_flow/install/dynamic-obstacle/share/dynamic-obstacle/hook/pythonpath.dsv'
[1.281s] INFO:colcon.colcon_core.shell:Creating environment hook '/home/kuzdx/optical_flow/install/dynamic-obstacle/share/dynamic-obstacle/hook/pythonpath.sh'
[1.281s] Level 1:colcon.colcon_core.environment:checking '/home/kuzdx/optical_flow/install/dynamic-obstacle/bin'
[1.281s] Level 1:colcon.colcon_core.environment:create_environment_scripts_only(dynamic-obstacle)
[1.281s] INFO:colcon.colcon_core.shell:Creating package script '/home/kuzdx/optical_flow/install/dynamic-obstacle/share/dynamic-obstacle/package.ps1'
[1.282s] INFO:colcon.colcon_core.shell:Creating package descriptor '/home/kuzdx/optical_flow/install/dynamic-obstacle/share/dynamic-obstacle/package.dsv'
[1.282s] INFO:colcon.colcon_core.shell:Creating package script '/home/kuzdx/optical_flow/install/dynamic-obstacle/share/dynamic-obstacle/package.sh'
[1.283s] INFO:colcon.colcon_core.shell:Creating package script '/home/kuzdx/optical_flow/install/dynamic-obstacle/share/dynamic-obstacle/package.bash'
[1.283s] INFO:colcon.colcon_core.shell:Creating package script '/home/kuzdx/optical_flow/install/dynamic-obstacle/share/dynamic-obstacle/package.zsh'
[1.284s] Level 1:colcon.colcon_core.environment:create_file_with_runtime_dependencies(/home/kuzdx/optical_flow/install/dynamic-obstacle/share/colcon-core/packages/dynamic-obstacle)
[1.993s] DEBUG:colcon.colcon_core.event_handler.log_command:Invoked command in '/home/kuzdx/optical_flow/build/yolo_msgs' returned '0': /usr/bin/cmake /home/kuzdx/optical_flow/src/yolo_msgs -DCMAKE_BUILD_TYPE=Release -DPython3_EXECUTABLE=/usr/bin/python3 -DCATKIN_INSTALL_INTO_PREFIX_ROOT=0 -DCATKIN_SYMLINK_INSTALL=ON -DCMAKE_INSTALL_PREFIX=/home/kuzdx/optical_flow/install/yolo_msgs
[1.995s] DEBUG:colcon.colcon_core.event_handler.log_command:Invoking command in '/home/kuzdx/optical_flow/build/yolo_msgs': /usr/bin/cmake --build /home/kuzdx/optical_flow/build/yolo_msgs -- -j16 -l16
[8.151s] DEBUG:colcon.colcon_core.event_handler.log_command:Invoked command in '/home/kuzdx/optical_flow/build/yolo_msgs' returned '0': /usr/bin/cmake --build /home/kuzdx/optical_flow/build/yolo_msgs -- -j16 -l16
[8.163s] DEBUG:colcon.colcon_core.event_handler.log_command:Invoking command in '/home/kuzdx/optical_flow/build/yolo_msgs': /usr/bin/cmake --install /home/kuzdx/optical_flow/build/yolo_msgs
[8.272s] DEBUG:colcon.colcon_core.event_handler.log_command:Invoked command in '/home/kuzdx/optical_flow/build/yolo_msgs' returned '0': /usr/bin/cmake --install /home/kuzdx/optical_flow/build/yolo_msgs
[8.273s] Level 1:colcon.colcon_core.shell:create_environment_hook('yolo_msgs', 'ros_package_path')
[8.273s] INFO:colcon.colcon_core.shell:Creating environment hook '/home/kuzdx/optical_flow/install/yolo_msgs/share/yolo_msgs/hook/ros_package_path.ps1'
[8.273s] INFO:colcon.colcon_core.shell:Creating environment descriptor '/home/kuzdx/optical_flow/install/yolo_msgs/share/yolo_msgs/hook/ros_package_path.dsv'
[8.273s] INFO:colcon.colcon_core.shell:Creating environment hook '/home/kuzdx/optical_flow/install/yolo_msgs/share/yolo_msgs/hook/ros_package_path.sh'
[8.274s] Level 1:colcon.colcon_ros.task.catkin:checking '/home/kuzdx/optical_flow/install/yolo_msgs/local/lib/python3.10/dist-packages'
[8.274s] Level 1:colcon.colcon_core.shell:create_environment_hook('yolo_msgs', 'catkin_pythonpath')
[8.274s] INFO:colcon.colcon_core.shell:Creating environment hook '/home/kuzdx/optical_flow/install/yolo_msgs/share/yolo_msgs/hook/catkin_pythonpath.ps1'
[8.274s] INFO:colcon.colcon_core.shell:Creating environment descriptor '/home/kuzdx/optical_flow/install/yolo_msgs/share/yolo_msgs/hook/catkin_pythonpath.dsv'
[8.274s] INFO:colcon.colcon_core.shell:Creating environment hook '/home/kuzdx/optical_flow/install/yolo_msgs/share/yolo_msgs/hook/catkin_pythonpath.sh'
[8.275s] Level 1:colcon.colcon_core.shell:create_environment_hook('yolo_msgs', 'pkg_config_path')
[8.275s] INFO:colcon.colcon_core.shell:Creating environment hook '/home/kuzdx/optical_flow/install/yolo_msgs/share/yolo_msgs/hook/pkg_config_path.ps1'
[8.275s] INFO:colcon.colcon_core.shell:Creating environment descriptor '/home/kuzdx/optical_flow/install/yolo_msgs/share/yolo_msgs/hook/pkg_config_path.dsv'
[8.275s] INFO:colcon.colcon_core.shell:Creating environment hook '/home/kuzdx/optical_flow/install/yolo_msgs/share/yolo_msgs/hook/pkg_config_path.sh'
[8.277s] Level 1:colcon.colcon_core.shell:create_environment_hook('yolo_msgs', 'pkg_config_path_multiarch')
[8.277s] INFO:colcon.colcon_core.shell:Creating environment hook '/home/kuzdx/optical_flow/install/yolo_msgs/share/yolo_msgs/hook/pkg_config_path_multiarch.ps1'
[8.278s] INFO:colcon.colcon_core.shell:Creating environment descriptor '/home/kuzdx/optical_flow/install/yolo_msgs/share/yolo_msgs/hook/pkg_config_path_multiarch.dsv'
[8.278s] INFO:colcon.colcon_core.shell:Creating environment hook '/home/kuzdx/optical_flow/install/yolo_msgs/share/yolo_msgs/hook/pkg_config_path_multiarch.sh'
[8.278s] Level 1:colcon.colcon_core.environment:create_environment_scripts_only(yolo_msgs)
[8.279s] Level 1:colcon.colcon_core.environment:checking '/home/kuzdx/optical_flow/install/yolo_msgs' for CMake module files
[8.279s] Level 1:colcon.colcon_core.environment:checking '/home/kuzdx/optical_flow/install/yolo_msgs' for CMake config files
[8.280s] Level 1:colcon.colcon_core.shell:create_environment_hook('yolo_msgs', 'cmake_prefix_path')
[8.280s] INFO:colcon.colcon_core.shell:Creating environment hook '/home/kuzdx/optical_flow/install/yolo_msgs/share/yolo_msgs/hook/cmake_prefix_path.ps1'
[8.280s] INFO:colcon.colcon_core.shell:Creating environment descriptor '/home/kuzdx/optical_flow/install/yolo_msgs/share/yolo_msgs/hook/cmake_prefix_path.dsv'
[8.280s] INFO:colcon.colcon_core.shell:Creating environment hook '/home/kuzdx/optical_flow/install/yolo_msgs/share/yolo_msgs/hook/cmake_prefix_path.sh'
[8.281s] Level 1:colcon.colcon_core.environment:checking '/home/kuzdx/optical_flow/install/yolo_msgs/lib'
[8.281s] Level 1:colcon.colcon_core.shell:create_environment_hook('yolo_msgs', 'ld_library_path_lib')
[8.281s] INFO:colcon.colcon_core.shell:Creating environment hook '/home/kuzdx/optical_flow/install/yolo_msgs/share/yolo_msgs/hook/ld_library_path_lib.ps1'
[8.281s] INFO:colcon.colcon_core.shell:Creating environment descriptor '/home/kuzdx/optical_flow/install/yolo_msgs/share/yolo_msgs/hook/ld_library_path_lib.dsv'
[8.281s] INFO:colcon.colcon_core.shell:Creating environment hook '/home/kuzdx/optical_flow/install/yolo_msgs/share/yolo_msgs/hook/ld_library_path_lib.sh'
[8.282s] Level 1:colcon.colcon_core.environment:checking '/home/kuzdx/optical_flow/install/yolo_msgs/bin'
[8.282s] Level 1:colcon.colcon_core.environment:checking '/home/kuzdx/optical_flow/install/yolo_msgs/lib/pkgconfig/yolo_msgs.pc'
[8.282s] Level 1:colcon.colcon_core.environment:checking '/home/kuzdx/optical_flow/install/yolo_msgs/lib/python3.10/site-packages'
[8.282s] Level 1:colcon.colcon_core.environment:checking '/home/kuzdx/optical_flow/install/yolo_msgs/bin'
[8.283s] INFO:colcon.colcon_core.shell:Creating package script '/home/kuzdx/optical_flow/install/yolo_msgs/share/yolo_msgs/package.ps1'
[8.283s] INFO:colcon.colcon_core.shell:Creating package descriptor '/home/kuzdx/optical_flow/install/yolo_msgs/share/yolo_msgs/package.dsv'
[8.283s] INFO:colcon.colcon_core.shell:Creating package script '/home/kuzdx/optical_flow/install/yolo_msgs/share/yolo_msgs/package.sh'
[8.284s] INFO:colcon.colcon_core.shell:Creating package script '/home/kuzdx/optical_flow/install/yolo_msgs/share/yolo_msgs/package.bash'
[8.284s] INFO:colcon.colcon_core.shell:Creating package script '/home/kuzdx/optical_flow/install/yolo_msgs/share/yolo_msgs/package.zsh'
[8.284s] Level 1:colcon.colcon_core.environment:create_file_with_runtime_dependencies(/home/kuzdx/optical_flow/install/yolo_msgs/share/colcon-core/packages/yolo_msgs)
[8.285s] INFO:colcon.colcon_ros.task.ament_python.build:Building ROS package in '/home/kuzdx/optical_flow/src/yolo_ros_ros1' with build type 'ament_python'
[8.285s] Level 1:colcon.colcon_core.shell:create_environment_hook('yolo_ros_ros1', 'ament_prefix_path')
[8.285s] INFO:colcon.colcon_core.shell:Creating environment hook '/home/kuzdx/optical_flow/install/yolo_ros_ros1/share/yolo_ros_ros1/hook/ament_prefix_path.ps1'
[8.285s] INFO:colcon.colcon_core.shell:Creating environment descriptor '/home/kuzdx/optical_flow/install/yolo_ros_ros1/share/yolo_ros_ros1/hook/ament_prefix_path.dsv'
[8.286s] INFO:colcon.colcon_core.shell:Creating environment hook '/home/kuzdx/optical_flow/install/yolo_ros_ros1/share/yolo_ros_ros1/hook/ament_prefix_path.sh'
[8.286s] INFO:colcon.colcon_core.shell:Skip shell extension 'powershell' for command environment: Not usable outside of PowerShell
[8.286s] DEBUG:colcon.colcon_core.shell:Skip shell extension 'dsv' for command environment
[8.526s] INFO:colcon.colcon_core.task.python.build:Building Python package in '/home/kuzdx/optical_flow/src/yolo_ros_ros1'
[8.526s] INFO:colcon.colcon_core.shell:Skip shell extension 'powershell' for command environment: Not usable outside of PowerShell
[8.526s] DEBUG:colcon.colcon_core.shell:Skip shell extension 'dsv' for command environment
[8.846s] DEBUG:colcon.colcon_core.event_handler.log_command:Invoking command in '/home/kuzdx/optical_flow/build/yolo_ros_ros1': PYTHONPATH=/home/kuzdx/optical_flow/build/yolo_ros_ros1/prefix_override:/usr/lib/python3/dist-packages/colcon_core/task/python/colcon_distutils_commands:/home/kuzdx/optical_flow/install/yolo_ros_ros1/lib/python3.10/site-packages:/home/kuzdx/optical_flow/install/yolo_msgs/local/lib/python3.10/dist-packages:/home/kuzdx/optical_flow/build/yolo_ros_ros1:/home/kuzdx/optical_flow/install/yolo_ros_ros1/lib/python3.10/site-packages:/home/kuzdx/optical_flow/build/dynamic-obstacle:/home/kuzdx/optical_flow/install/dynamic-obstacle/lib/python3.10/site-packages:/opt/ros/humble/lib/python3.10/site-packages:/opt/ros/humble/local/lib/python3.10/dist-packages /usr/bin/python3 -W ignore:setup.py install is deprecated -W ignore:easy_install command is deprecated setup.py develop --editable --build-directory /home/kuzdx/optical_flow/build/yolo_ros_ros1/build --no-deps symlink_data
[9.266s] Level 1:colcon.colcon_core.shell:create_environment_hook('yolo_ros_ros1', 'pythonpath_develop')
[9.267s] INFO:colcon.colcon_core.shell:Creating environment hook '/home/kuzdx/optical_flow/build/yolo_ros_ros1/share/yolo_ros_ros1/hook/pythonpath_develop.ps1'
[9.267s] DEBUG:colcon.colcon_core.event_handler.log_command:Invoked command in '/home/kuzdx/optical_flow/build/yolo_ros_ros1' returned '0': PYTHONPATH=/home/kuzdx/optical_flow/build/yolo_ros_ros1/prefix_override:/usr/lib/python3/dist-packages/colcon_core/task/python/colcon_distutils_commands:/home/kuzdx/optical_flow/install/yolo_ros_ros1/lib/python3.10/site-packages:/home/kuzdx/optical_flow/install/yolo_msgs/local/lib/python3.10/dist-packages:/home/kuzdx/optical_flow/build/yolo_ros_ros1:/home/kuzdx/optical_flow/install/yolo_ros_ros1/lib/python3.10/site-packages:/home/kuzdx/optical_flow/build/dynamic-obstacle:/home/kuzdx/optical_flow/install/dynamic-obstacle/lib/python3.10/site-packages:/opt/ros/humble/lib/python3.10/site-packages:/opt/ros/humble/local/lib/python3.10/dist-packages /usr/bin/python3 -W ignore:setup.py install is deprecated -W ignore:easy_install command is deprecated setup.py develop --editable --build-directory /home/kuzdx/optical_flow/build/yolo_ros_ros1/build --no-deps symlink_data
[9.268s] INFO:colcon.colcon_core.shell:Creating environment descriptor '/home/kuzdx/optical_flow/build/yolo_ros_ros1/share/yolo_ros_ros1/hook/pythonpath_develop.dsv'
[9.268s] INFO:colcon.colcon_core.shell:Creating environment hook '/home/kuzdx/optical_flow/build/yolo_ros_ros1/share/yolo_ros_ros1/hook/pythonpath_develop.sh'
[9.268s] Level 1:colcon.colcon_core.environment:checking '/home/kuzdx/optical_flow/install/yolo_ros_ros1' for CMake module files
[9.269s] Level 1:colcon.colcon_core.environment:checking '/home/kuzdx/optical_flow/install/yolo_ros_ros1' for CMake config files
[9.269s] Level 1:colcon.colcon_core.environment:checking '/home/kuzdx/optical_flow/install/yolo_ros_ros1/lib'
[9.269s] Level 1:colcon.colcon_core.environment:checking '/home/kuzdx/optical_flow/install/yolo_ros_ros1/bin'
[9.269s] Level 1:colcon.colcon_core.environment:checking '/home/kuzdx/optical_flow/install/yolo_ros_ros1/lib/pkgconfig/yolo_ros_ros1.pc'
[9.269s] Level 1:colcon.colcon_core.environment:checking '/home/kuzdx/optical_flow/install/yolo_ros_ros1/lib/python3.10/site-packages'
[9.269s] Level 1:colcon.colcon_core.shell:create_environment_hook('yolo_ros_ros1', 'pythonpath')
[9.269s] INFO:colcon.colcon_core.shell:Creating environment hook '/home/kuzdx/optical_flow/install/yolo_ros_ros1/share/yolo_ros_ros1/hook/pythonpath.ps1'
[9.270s] INFO:colcon.colcon_core.shell:Creating environment descriptor '/home/kuzdx/optical_flow/install/yolo_ros_ros1/share/yolo_ros_ros1/hook/pythonpath.dsv'
[9.270s] INFO:colcon.colcon_core.shell:Creating environment hook '/home/kuzdx/optical_flow/install/yolo_ros_ros1/share/yolo_ros_ros1/hook/pythonpath.sh'
[9.270s] Level 1:colcon.colcon_core.environment:checking '/home/kuzdx/optical_flow/install/yolo_ros_ros1/bin'
[9.270s] Level 1:colcon.colcon_core.environment:create_environment_scripts_only(yolo_ros_ros1)
[9.270s] INFO:colcon.colcon_core.shell:Creating package script '/home/kuzdx/optical_flow/install/yolo_ros_ros1/share/yolo_ros_ros1/package.ps1'
[9.271s] INFO:colcon.colcon_core.shell:Creating package descriptor '/home/kuzdx/optical_flow/install/yolo_ros_ros1/share/yolo_ros_ros1/package.dsv'
[9.271s] INFO:colcon.colcon_core.shell:Creating package script '/home/kuzdx/optical_flow/install/yolo_ros_ros1/share/yolo_ros_ros1/package.sh'
[9.271s] INFO:colcon.colcon_core.shell:Creating package script '/home/kuzdx/optical_flow/install/yolo_ros_ros1/share/yolo_ros_ros1/package.bash'
[9.272s] INFO:colcon.colcon_core.shell:Creating package script '/home/kuzdx/optical_flow/install/yolo_ros_ros1/share/yolo_ros_ros1/package.zsh'
[9.272s] Level 1:colcon.colcon_core.environment:create_file_with_runtime_dependencies(/home/kuzdx/optical_flow/install/yolo_ros_ros1/share/colcon-core/packages/yolo_ros_ros1)
[9.272s] DEBUG:colcon.colcon_parallel_executor.executor.parallel:closing loop
[9.272s] DEBUG:colcon.colcon_parallel_executor.executor.parallel:loop closed
[9.272s] DEBUG:colcon.colcon_parallel_executor.executor.parallel:run_until_complete finished with '0'
[9.272s] DEBUG:colcon.colcon_core.event_reactor:joining thread
[9.278s] INFO:colcon.colcon_core.plugin_system:Skipping extension 'colcon_notification.desktop_notification.terminal_notifier': Not used on non-Darwin systems
[9.278s] INFO:colcon.colcon_core.plugin_system:Skipping extension 'colcon_notification.desktop_notification.win32': Not used on non-Windows systems
[9.278s] INFO:colcon.colcon_notification.desktop_notification:Sending desktop notification using 'notify2'
[9.288s] DEBUG:colcon.colcon_core.event_reactor:joined thread
[9.288s] INFO:colcon.colcon_core.shell:Creating prefix script '/home/kuzdx/optical_flow/install/local_setup.ps1'
[9.289s] INFO:colcon.colcon_core.shell:Creating prefix util module '/home/kuzdx/optical_flow/install/_local_setup_util_ps1.py'
[9.291s] INFO:colcon.colcon_core.shell:Creating prefix chain script '/home/kuzdx/optical_flow/install/setup.ps1'
[9.291s] INFO:colcon.colcon_core.shell:Creating prefix script '/home/kuzdx/optical_flow/install/local_setup.sh'
[9.292s] INFO:colcon.colcon_core.shell:Creating prefix util module '/home/kuzdx/optical_flow/install/_local_setup_util_sh.py'
[9.292s] INFO:colcon.colcon_core.shell:Creating prefix chain script '/home/kuzdx/optical_flow/install/setup.sh'
[9.293s] INFO:colcon.colcon_core.shell:Creating prefix script '/home/kuzdx/optical_flow/install/local_setup.bash'
[9.293s] INFO:colcon.colcon_core.shell:Creating prefix chain script '/home/kuzdx/optical_flow/install/setup.bash'
[9.294s] INFO:colcon.colcon_core.shell:Creating prefix script '/home/kuzdx/optical_flow/install/local_setup.zsh'
[9.294s] INFO:colcon.colcon_core.shell:Creating prefix chain script '/home/kuzdx/optical_flow/install/setup.zsh'
